This is XeTeX, Version 3.14159265-2.6-0.99996 (TeX Live 2016) (preloaded format=xelatex 2016.5.22)  16 SEP 2019 22:04
entering extended mode
 restricted \write18 enabled.
 %&-line parsing enabled.
**dissertation.tex
(./dissertation.tex
LaTeX2e <2016/03/31>
Babel <3.9r> and hyphenation patterns for 83 language(s) loaded.
(./Dissertate.cls
Document Class: Dissertate 2014/03/25 v2.0 Dissertate Class
(/usr/local/texlive/2016/texmf-dist/tex/latex/base/book.cls
Document Class: book 2014/09/29 v1.4h Standard LaTeX document class
(/usr/local/texlive/2016/texmf-dist/tex/latex/base/bk12.clo
File: bk12.clo 2014/09/29 v1.4h Standard LaTeX file (size option)
)
\c@part=\count79
\c@chapter=\count80
\c@section=\count81
\c@subsection=\count82
\c@subsubsection=\count83
\c@paragraph=\count84
\c@subparagraph=\count85
\c@figure=\count86
\c@table=\count87
\abovecaptionskip=\skip41
\belowcaptionskip=\skip42
\bibindent=\dimen102
)
(/usr/local/texlive/2016/texmf-dist/tex/latex/etoolbox/etoolbox.sty
Package: etoolbox 2015/08/02 v2.2a e-TeX tools for LaTeX (JAW)
\etb@tempcnta=\count88
)
(/usr/local/texlive/2016/texmf-dist/tex/latex/geometry/geometry.sty
Package: geometry 2010/09/12 v5.6 Page Geometry

(/usr/local/texlive/2016/texmf-dist/tex/latex/graphics/keyval.sty
Package: keyval 2014/10/28 v1.15 key=value parser (DPC)
\KV@toks@=\toks14
)
(/usr/local/texlive/2016/texmf-dist/tex/generic/oberdiek/ifpdf.sty
Package: ifpdf 2016/05/14 v3.1 Provides the ifpdf switch
)
(/usr/local/texlive/2016/texmf-dist/tex/generic/oberdiek/ifvtex.sty
Package: ifvtex 2016/05/16 v1.6 Detect VTeX and its facilities (HO)
Package ifvtex Info: VTeX not detected.
)
(/usr/local/texlive/2016/texmf-dist/tex/generic/ifxetex/ifxetex.sty
Package: ifxetex 2010/09/12 v0.6 Provides ifxetex conditional
)
\Gm@cnth=\count89
\Gm@cntv=\count90
\c@Gm@tempcnt=\count91
\Gm@bindingoffset=\dimen103
\Gm@wd@mp=\dimen104
\Gm@odd@mp=\dimen105
\Gm@even@mp=\dimen106
\Gm@layoutwidth=\dimen107
\Gm@layoutheight=\dimen108
\Gm@layouthoffset=\dimen109
\Gm@layoutvoffset=\dimen110
\Gm@dimlist=\toks15
)
(/usr/local/texlive/2016/texmf-dist/tex/latex/ms/ragged2e.sty
Package: ragged2e 2009/05/21 v2.1 ragged2e Package (MS)

(/usr/local/texlive/2016/texmf-dist/tex/latex/ms/everysel.sty
Package: everysel 2011/10/28 v1.2 EverySelectfont Package (MS)
)
\CenteringLeftskip=\skip43
\RaggedLeftLeftskip=\skip44
\RaggedRightLeftskip=\skip45
\CenteringRightskip=\skip46
\RaggedLeftRightskip=\skip47
\RaggedRightRightskip=\skip48
\CenteringParfillskip=\skip49
\RaggedLeftParfillskip=\skip50
\RaggedRightParfillskip=\skip51
\JustifyingParfillskip=\skip52
\CenteringParindent=\skip53
\RaggedLeftParindent=\skip54
\RaggedRightParindent=\skip55
\JustifyingParindent=\skip56
)
(/usr/local/texlive/2016/texmf-dist/tex/latex/amsmath/amsmath.sty
Package: amsmath 2016/03/10 v2.15b AMS math features
\@mathmargin=\skip57

For additional information on amsmath, use the `?' option.
(/usr/local/texlive/2016/texmf-dist/tex/latex/amsmath/amstext.sty
Package: amstext 2000/06/29 v2.01 AMS text

(/usr/local/texlive/2016/texmf-dist/tex/latex/amsmath/amsgen.sty
File: amsgen.sty 1999/11/30 v2.0 generic functions
\@emptytoks=\toks16
\ex@=\dimen111
))
(/usr/local/texlive/2016/texmf-dist/tex/latex/amsmath/amsbsy.sty
Package: amsbsy 1999/11/29 v1.2d Bold Symbols
\pmbraise@=\dimen112
)
(/usr/local/texlive/2016/texmf-dist/tex/latex/amsmath/amsopn.sty
Package: amsopn 2016/03/08 v2.02 operator names
)
\inf@bad=\count92
LaTeX Info: Redefining \frac on input line 199.
\uproot@=\count93
\leftroot@=\count94
LaTeX Info: Redefining \overline on input line 297.
\classnum@=\count95
\DOTSCASE@=\count96
LaTeX Info: Redefining \ldots on input line 394.
LaTeX Info: Redefining \dots on input line 397.
LaTeX Info: Redefining \cdots on input line 518.
\Mathstrutbox@=\box26
\strutbox@=\box27
\big@size=\dimen113
LaTeX Font Info:    Redeclaring font encoding OML on input line 634.
LaTeX Font Info:    Redeclaring font encoding OMS on input line 635.
\macc@depth=\count97
\c@MaxMatrixCols=\count98
\dotsspace@=\muskip10
\c@parentequation=\count99
\dspbrk@lvl=\count100
\tag@help=\toks17
\row@=\count101
\column@=\count102
\maxfields@=\count103
\andhelp@=\toks18
\eqnshift@=\dimen114
\alignsep@=\dimen115
\tagshift@=\dimen116
\tagwidth@=\dimen117
\totwidth@=\dimen118
\lineht@=\dimen119
\@envbody=\toks19
\multlinegap=\skip58
\multlinetaggap=\skip59
\mathdisplay@stack=\toks20
LaTeX Info: Redefining \[ on input line 2739.
LaTeX Info: Redefining \] on input line 2740.
)
(/usr/local/texlive/2016/texmf-dist/tex/latex/rotating/rotating.sty
Package: rotating 2009/03/28 v2.16a rotated objects in LaTeX

(/usr/local/texlive/2016/texmf-dist/tex/latex/graphics/graphicx.sty
Package: graphicx 2014/10/28 v1.0g Enhanced LaTeX Graphics (DPC,SPQR)

(/usr/local/texlive/2016/texmf-dist/tex/latex/graphics/graphics.sty
Package: graphics 2016/05/09 v1.0r Standard LaTeX Graphics (DPC,SPQR)

(/usr/local/texlive/2016/texmf-dist/tex/latex/graphics/trig.sty
Package: trig 2016/01/03 v1.10 sin cos tan (DPC)
)
(/usr/local/texlive/2016/texmf-dist/tex/latex/graphics-cfg/graphics.cfg
File: graphics.cfg 2016/01/02 v1.10 sample graphics configuration
)
Package graphics Info: Driver file: xetex.def on input line 96.

(/usr/local/texlive/2016/texmf-dist/tex/xelatex/xetex-def/xetex.def
File: xetex.def 2016/04/06 v4.08 LaTeX color/graphics driver for XeTeX (TeX Liv
e/RRM/JK)

(/usr/local/texlive/2016/texmf-dist/tex/generic/oberdiek/infwarerr.sty
Package: infwarerr 2016/05/16 v1.4 Providing info/warning/error messages (HO)
)
(/usr/local/texlive/2016/texmf-dist/tex/generic/oberdiek/ltxcmds.sty
Package: ltxcmds 2016/05/16 v1.23 LaTeX kernel commands for general use (HO)
)))
\Gin@req@height=\dimen120
\Gin@req@width=\dimen121
)
(/usr/local/texlive/2016/texmf-dist/tex/latex/base/ifthen.sty
Package: ifthen 2014/09/29 v1.1c Standard LaTeX ifthen package (DPC)
)
\c@r@tfl@t=\count104
\rotFPtop=\skip60
\rotFPbot=\skip61
\rot@float@box=\box28
\rot@mess@toks=\toks21
)
(/usr/local/texlive/2016/texmf-dist/tex/latex/tools/array.sty
Package: array 2014/10/28 v2.4c Tabular extension package (FMi)
\col@sep=\dimen122
\extrarowheight=\dimen123
\NC@list=\toks22
\extratabsurround=\skip62
\backup@length=\skip63
)
(/usr/local/texlive/2016/texmf-dist/tex/latex/tablefootnote/tablefootnote.sty
Package: tablefootnote 2014/01/26 v1.1c Table foot notes (HMM)

(/usr/local/texlive/2016/texmf-dist/tex/latex/oberdiek/letltxmacro.sty
Package: letltxmacro 2016/05/16 v1.5 Let assignment for LaTeX macros (HO)
)
(/usr/local/texlive/2016/texmf-dist/tex/latex/xifthen/xifthen.sty
Package: xifthen 2015/11/05 v1.4.0 Extended ifthen features

(/usr/local/texlive/2016/texmf-dist/tex/latex/tools/calc.sty
Package: calc 2014/10/28 v4.3 Infix arithmetic (KKT,FJ)
\calc@Acount=\count105
\calc@Bcount=\count106
\calc@Adimen=\dimen124
\calc@Bdimen=\dimen125
\calc@Askip=\skip64
\calc@Bskip=\skip65
LaTeX Info: Redefining \setlength on input line 80.
LaTeX Info: Redefining \addtolength on input line 81.
\calc@Ccount=\count107
\calc@Cskip=\skip66
)
(/usr/local/texlive/2016/texmf-dist/tex/latex/ifmtarg/ifmtarg.sty
Package: ifmtarg 2009/09/02 v1.2a check for an empty argument
)))
(/usr/local/texlive/2016/texmf-dist/tex/latex/subfig/subfig.sty
Package: subfig 2005/06/28 ver: 1.3 subfig package

(/usr/local/texlive/2016/texmf-dist/tex/latex/caption/caption.sty
Package: caption 2016/02/21 v3.3-144 Customizing captions (AR)

(/usr/local/texlive/2016/texmf-dist/tex/latex/caption/caption3.sty
Package: caption3 2016/02/04 v1.7-139 caption3 kernel (AR)
Package caption3 Info: TeX engine: e-TeX on input line 67.
\captionmargin=\dimen126
\captionmargin@=\dimen127
\captionwidth=\dimen128
\caption@tempdima=\dimen129
\caption@indent=\dimen130
\caption@parindent=\dimen131
\caption@hangindent=\dimen132
)
\c@ContinuedFloat=\count108
Package caption Info: rotating package is loaded.
)
\c@KVtest=\count109
\sf@farskip=\skip67
\sf@captopadj=\dimen133
\sf@capskip=\skip68
\sf@nearskip=\skip69
\c@subfigure=\count110
\c@subfigure@save=\count111
\c@lofdepth=\count112
\c@subtable=\count113
\c@subtable@save=\count114
\c@lotdepth=\count115
\sf@top=\skip70
\sf@bottom=\skip71
)
(/usr/local/texlive/2016/texmf-dist/tex/latex/booktabs/booktabs.sty
Package: booktabs 2016/04/27 v1.618033 publication quality tables
\heavyrulewidth=\dimen134
\lightrulewidth=\dimen135
\cmidrulewidth=\dimen136
\belowrulesep=\dimen137
\belowbottomsep=\dimen138
\aboverulesep=\dimen139
\abovetopsep=\dimen140
\cmidrulesep=\dimen141
\cmidrulekern=\dimen142
\defaultaddspace=\dimen143
\@cmidla=\count116
\@cmidlb=\count117
\@aboverulesep=\dimen144
\@belowrulesep=\dimen145
\@thisruleclass=\count118
\@lastruleclass=\count119
\@thisrulewidth=\dimen146
)
(/usr/local/texlive/2016/texmf-dist/tex/latex/multirow/multirow.sty
\bigstrutjot=\dimen147
)
(/usr/local/texlive/2016/texmf-dist/tex/latex/footmisc/footmisc.sty
Package: footmisc 2011/06/06 v5.5b a miscellany of footnote facilities
\FN@temptoken=\toks23
\footnotemargin=\dimen148
\c@pp@next@reset=\count120
\c@@fnserial=\count121
Package footmisc Info: Declaring symbol style bringhurst on input line 855.
Package footmisc Info: Declaring symbol style chicago on input line 863.
Package footmisc Info: Declaring symbol style wiley on input line 872.
Package footmisc Info: Declaring symbol style lamport-robust on input line 883.

Package footmisc Info: Declaring symbol style lamport* on input line 903.
Package footmisc Info: Declaring symbol style lamport*-robust on input line 924
.
)
(/usr/local/texlive/2016/texmf-dist/tex/latex/pgf/frontendlayer/tikz.sty
(/usr/local/texlive/2016/texmf-dist/tex/latex/pgf/basiclayer/pgf.sty
(/usr/local/texlive/2016/texmf-dist/tex/latex/pgf/utilities/pgfrcs.sty
(/usr/local/texlive/2016/texmf-dist/tex/generic/pgf/utilities/pgfutil-common.te
x
\pgfutil@everybye=\toks24
\pgfutil@tempdima=\dimen149
\pgfutil@tempdimb=\dimen150

(/usr/local/texlive/2016/texmf-dist/tex/generic/pgf/utilities/pgfutil-common-li
sts.tex))
(/usr/local/texlive/2016/texmf-dist/tex/generic/pgf/utilities/pgfutil-latex.def
\pgfutil@abb=\box29
(/usr/local/texlive/2016/texmf-dist/tex/latex/ms/everyshi.sty
Package: everyshi 2001/05/15 v3.00 EveryShipout Package (MS)
))
(/usr/local/texlive/2016/texmf-dist/tex/generic/pgf/utilities/pgfrcs.code.tex
Package: pgfrcs 2015/08/07 v3.0.1a (rcs-revision 1.31)
))
Package: pgf 2015/08/07 v3.0.1a (rcs-revision 1.15)
(/usr/local/texlive/2016/texmf-dist/tex/latex/pgf/basiclayer/pgfcore.sty
(/usr/local/texlive/2016/texmf-dist/tex/latex/pgf/systemlayer/pgfsys.sty
(/usr/local/texlive/2016/texmf-dist/tex/generic/pgf/systemlayer/pgfsys.code.tex
Package: pgfsys 2014/07/09 v3.0.1a (rcs-revision 1.48)
(/usr/local/texlive/2016/texmf-dist/tex/generic/pgf/utilities/pgfkeys.code.tex
\pgfkeys@pathtoks=\toks25
\pgfkeys@temptoks=\toks26

(/usr/local/texlive/2016/texmf-dist/tex/generic/pgf/utilities/pgfkeysfiltered.c
ode.tex
\pgfkeys@tmptoks=\toks27
))
\pgf@x=\dimen151
\pgf@y=\dimen152
\pgf@xa=\dimen153
\pgf@ya=\dimen154
\pgf@xb=\dimen155
\pgf@yb=\dimen156
\pgf@xc=\dimen157
\pgf@yc=\dimen158
\w@pgf@writea=\write3
\r@pgf@reada=\read1
\c@pgf@counta=\count122
\c@pgf@countb=\count123
\c@pgf@countc=\count124
\c@pgf@countd=\count125
\t@pgf@toka=\toks28
\t@pgf@tokb=\toks29
\t@pgf@tokc=\toks30

(/usr/local/texlive/2016/texmf-dist/tex/generic/pgf/systemlayer/pgf.cfg
File: pgf.cfg 2008/05/14  (rcs-revision 1.7)
)
Driver file for pgf: pgfsys-xetex.def

(/usr/local/texlive/2016/texmf-dist/tex/generic/pgf/systemlayer/pgfsys-xetex.de
f
File: pgfsys-xetex.def 2014/07/09  (rcs-revision 1.11)

(/usr/local/texlive/2016/texmf-dist/tex/generic/pgf/systemlayer/pgfsys-dvipdfmx
.def
File: pgfsys-dvipdfmx.def 2014/07/09  (rcs-revision 1.14)

(/usr/local/texlive/2016/texmf-dist/tex/generic/pgf/systemlayer/pgfsys-common-p
df.def
File: pgfsys-common-pdf.def 2013/10/10  (rcs-revision 1.13)
)
\pgfsys@objnum=\count126
)))
(/usr/local/texlive/2016/texmf-dist/tex/generic/pgf/systemlayer/pgfsyssoftpath.
code.tex
File: pgfsyssoftpath.code.tex 2013/09/09  (rcs-revision 1.9)
\pgfsyssoftpath@smallbuffer@items=\count127
\pgfsyssoftpath@bigbuffer@items=\count128
)
(/usr/local/texlive/2016/texmf-dist/tex/generic/pgf/systemlayer/pgfsysprotocol.
code.tex
File: pgfsysprotocol.code.tex 2006/10/16  (rcs-revision 1.4)
)) (/usr/local/texlive/2016/texmf-dist/tex/latex/xcolor/xcolor.sty
Package: xcolor 2016/05/11 v2.12 LaTeX color extensions (UK)

(/usr/local/texlive/2016/texmf-dist/tex/latex/graphics-cfg/color.cfg
File: color.cfg 2016/01/02 v1.6 sample color configuration
)
Package xcolor Info: Driver file: xetex.def on input line 225.
Package xcolor Info: Model `cmy' substituted by `cmy0' on input line 1348.
Package xcolor Info: Model `RGB' extended on input line 1364.
Package xcolor Info: Model `HTML' substituted by `rgb' on input line 1366.
Package xcolor Info: Model `Hsb' substituted by `hsb' on input line 1367.
Package xcolor Info: Model `tHsb' substituted by `hsb' on input line 1368.
Package xcolor Info: Model `HSB' substituted by `hsb' on input line 1369.
Package xcolor Info: Model `Gray' substituted by `gray' on input line 1370.
Package xcolor Info: Model `wave' substituted by `hsb' on input line 1371.
)
(/usr/local/texlive/2016/texmf-dist/tex/generic/pgf/basiclayer/pgfcore.code.tex
Package: pgfcore 2010/04/11 v3.0.1a (rcs-revision 1.7)
(/usr/local/texlive/2016/texmf-dist/tex/generic/pgf/math/pgfmath.code.tex
(/usr/local/texlive/2016/texmf-dist/tex/generic/pgf/math/pgfmathcalc.code.tex
(/usr/local/texlive/2016/texmf-dist/tex/generic/pgf/math/pgfmathutil.code.tex)
(/usr/local/texlive/2016/texmf-dist/tex/generic/pgf/math/pgfmathparser.code.tex
\pgfmath@dimen=\dimen159
\pgfmath@count=\count129
\pgfmath@box=\box30
\pgfmath@toks=\toks31
\pgfmath@stack@operand=\toks32
\pgfmath@stack@operation=\toks33
)
(/usr/local/texlive/2016/texmf-dist/tex/generic/pgf/math/pgfmathfunctions.code.
tex
(/usr/local/texlive/2016/texmf-dist/tex/generic/pgf/math/pgfmathfunctions.basic
.code.tex)
(/usr/local/texlive/2016/texmf-dist/tex/generic/pgf/math/pgfmathfunctions.trigo
nometric.code.tex)
(/usr/local/texlive/2016/texmf-dist/tex/generic/pgf/math/pgfmathfunctions.rando
m.code.tex)
(/usr/local/texlive/2016/texmf-dist/tex/generic/pgf/math/pgfmathfunctions.compa
rison.code.tex)
(/usr/local/texlive/2016/texmf-dist/tex/generic/pgf/math/pgfmathfunctions.base.
code.tex)
(/usr/local/texlive/2016/texmf-dist/tex/generic/pgf/math/pgfmathfunctions.round
.code.tex)
(/usr/local/texlive/2016/texmf-dist/tex/generic/pgf/math/pgfmathfunctions.misc.
code.tex)
(/usr/local/texlive/2016/texmf-dist/tex/generic/pgf/math/pgfmathfunctions.integ
erarithmetics.code.tex)))
(/usr/local/texlive/2016/texmf-dist/tex/generic/pgf/math/pgfmathfloat.code.tex
\c@pgfmathroundto@lastzeros=\count130
))
(/usr/local/texlive/2016/texmf-dist/tex/generic/pgf/basiclayer/pgfcorepoints.co
de.tex
File: pgfcorepoints.code.tex 2013/10/07  (rcs-revision 1.27)
\pgf@picminx=\dimen160
\pgf@picmaxx=\dimen161
\pgf@picminy=\dimen162
\pgf@picmaxy=\dimen163
\pgf@pathminx=\dimen164
\pgf@pathmaxx=\dimen165
\pgf@pathminy=\dimen166
\pgf@pathmaxy=\dimen167
\pgf@xx=\dimen168
\pgf@xy=\dimen169
\pgf@yx=\dimen170
\pgf@yy=\dimen171
\pgf@zx=\dimen172
\pgf@zy=\dimen173
)
(/usr/local/texlive/2016/texmf-dist/tex/generic/pgf/basiclayer/pgfcorepathconst
ruct.code.tex
File: pgfcorepathconstruct.code.tex 2013/10/07  (rcs-revision 1.29)
\pgf@path@lastx=\dimen174
\pgf@path@lasty=\dimen175
)
(/usr/local/texlive/2016/texmf-dist/tex/generic/pgf/basiclayer/pgfcorepathusage
.code.tex
File: pgfcorepathusage.code.tex 2014/11/02  (rcs-revision 1.24)
\pgf@shorten@end@additional=\dimen176
\pgf@shorten@start@additional=\dimen177
)
(/usr/local/texlive/2016/texmf-dist/tex/generic/pgf/basiclayer/pgfcorescopes.co
de.tex
File: pgfcorescopes.code.tex 2015/05/08  (rcs-revision 1.46)
\pgfpic=\box31
\pgf@hbox=\box32
\pgf@layerbox@main=\box33
\pgf@picture@serial@count=\count131
)
(/usr/local/texlive/2016/texmf-dist/tex/generic/pgf/basiclayer/pgfcoregraphicst
ate.code.tex
File: pgfcoregraphicstate.code.tex 2014/11/02  (rcs-revision 1.12)
\pgflinewidth=\dimen178
)
(/usr/local/texlive/2016/texmf-dist/tex/generic/pgf/basiclayer/pgfcoretransform
ations.code.tex
File: pgfcoretransformations.code.tex 2015/08/07  (rcs-revision 1.20)
\pgf@pt@x=\dimen179
\pgf@pt@y=\dimen180
\pgf@pt@temp=\dimen181
)
(/usr/local/texlive/2016/texmf-dist/tex/generic/pgf/basiclayer/pgfcorequick.cod
e.tex
File: pgfcorequick.code.tex 2008/10/09  (rcs-revision 1.3)
)
(/usr/local/texlive/2016/texmf-dist/tex/generic/pgf/basiclayer/pgfcoreobjects.c
ode.tex
File: pgfcoreobjects.code.tex 2006/10/11  (rcs-revision 1.2)
)
(/usr/local/texlive/2016/texmf-dist/tex/generic/pgf/basiclayer/pgfcorepathproce
ssing.code.tex
File: pgfcorepathprocessing.code.tex 2013/09/09  (rcs-revision 1.9)
)
(/usr/local/texlive/2016/texmf-dist/tex/generic/pgf/basiclayer/pgfcorearrows.co
de.tex
File: pgfcorearrows.code.tex 2015/05/14  (rcs-revision 1.43)
\pgfarrowsep=\dimen182
)
(/usr/local/texlive/2016/texmf-dist/tex/generic/pgf/basiclayer/pgfcoreshade.cod
e.tex
File: pgfcoreshade.code.tex 2013/07/15  (rcs-revision 1.15)
\pgf@max=\dimen183
\pgf@sys@shading@range@num=\count132
)
(/usr/local/texlive/2016/texmf-dist/tex/generic/pgf/basiclayer/pgfcoreimage.cod
e.tex
File: pgfcoreimage.code.tex 2013/07/15  (rcs-revision 1.18)

(/usr/local/texlive/2016/texmf-dist/tex/generic/pgf/basiclayer/pgfcoreexternal.
code.tex
File: pgfcoreexternal.code.tex 2014/07/09  (rcs-revision 1.21)
\pgfexternal@startupbox=\box34
))
(/usr/local/texlive/2016/texmf-dist/tex/generic/pgf/basiclayer/pgfcorelayers.co
de.tex
File: pgfcorelayers.code.tex 2013/07/18  (rcs-revision 1.7)
)
(/usr/local/texlive/2016/texmf-dist/tex/generic/pgf/basiclayer/pgfcoretranspare
ncy.code.tex
File: pgfcoretransparency.code.tex 2013/09/30  (rcs-revision 1.5)
)
(/usr/local/texlive/2016/texmf-dist/tex/generic/pgf/basiclayer/pgfcorepatterns.
code.tex
File: pgfcorepatterns.code.tex 2013/11/07  (rcs-revision 1.5)
)))
(/usr/local/texlive/2016/texmf-dist/tex/generic/pgf/modules/pgfmoduleshapes.cod
e.tex
File: pgfmoduleshapes.code.tex 2014/03/21  (rcs-revision 1.35)
\pgfnodeparttextbox=\box35
)
(/usr/local/texlive/2016/texmf-dist/tex/generic/pgf/modules/pgfmoduleplot.code.
tex
File: pgfmoduleplot.code.tex 2015/08/03  (rcs-revision 1.13)
)
(/usr/local/texlive/2016/texmf-dist/tex/latex/pgf/compatibility/pgfcomp-version
-0-65.sty
Package: pgfcomp-version-0-65 2007/07/03 v3.0.1a (rcs-revision 1.7)
\pgf@nodesepstart=\dimen184
\pgf@nodesepend=\dimen185
)
(/usr/local/texlive/2016/texmf-dist/tex/latex/pgf/compatibility/pgfcomp-version
-1-18.sty
Package: pgfcomp-version-1-18 2007/07/23 v3.0.1a (rcs-revision 1.1)
))
(/usr/local/texlive/2016/texmf-dist/tex/latex/pgf/utilities/pgffor.sty
(/usr/local/texlive/2016/texmf-dist/tex/latex/pgf/utilities/pgfkeys.sty
(/usr/local/texlive/2016/texmf-dist/tex/generic/pgf/utilities/pgfkeys.code.tex)
) (/usr/local/texlive/2016/texmf-dist/tex/latex/pgf/math/pgfmath.sty
(/usr/local/texlive/2016/texmf-dist/tex/generic/pgf/math/pgfmath.code.tex))
(/usr/local/texlive/2016/texmf-dist/tex/generic/pgf/utilities/pgffor.code.tex
Package: pgffor 2013/12/13 v3.0.1a (rcs-revision 1.25)

(/usr/local/texlive/2016/texmf-dist/tex/generic/pgf/math/pgfmath.code.tex)
\pgffor@iter=\dimen186
\pgffor@skip=\dimen187
\pgffor@stack=\toks34
\pgffor@toks=\toks35
))
(/usr/local/texlive/2016/texmf-dist/tex/generic/pgf/frontendlayer/tikz/tikz.cod
e.tex
Package: tikz 2015/08/07 v3.0.1a (rcs-revision 1.151)

(/usr/local/texlive/2016/texmf-dist/tex/generic/pgf/libraries/pgflibraryplothan
dlers.code.tex
File: pgflibraryplothandlers.code.tex 2013/08/31 v3.0.1a (rcs-revision 1.20)
\pgf@plot@mark@count=\count133
\pgfplotmarksize=\dimen188
)
\tikz@lastx=\dimen189
\tikz@lasty=\dimen190
\tikz@lastxsaved=\dimen191
\tikz@lastysaved=\dimen192
\tikzleveldistance=\dimen193
\tikzsiblingdistance=\dimen194
\tikz@figbox=\box36
\tikz@figbox@bg=\box37
\tikz@tempbox=\box38
\tikz@tempbox@bg=\box39
\tikztreelevel=\count134
\tikznumberofchildren=\count135
\tikznumberofcurrentchild=\count136
\tikz@fig@count=\count137

(/usr/local/texlive/2016/texmf-dist/tex/generic/pgf/modules/pgfmodulematrix.cod
e.tex
File: pgfmodulematrix.code.tex 2013/09/17  (rcs-revision 1.8)
\pgfmatrixcurrentrow=\count138
\pgfmatrixcurrentcolumn=\count139
\pgf@matrix@numberofcolumns=\count140
)
\tikz@expandcount=\count141

(/usr/local/texlive/2016/texmf-dist/tex/generic/pgf/frontendlayer/tikz/librarie
s/tikzlibrarytopaths.code.tex
File: tikzlibrarytopaths.code.tex 2008/06/17 v3.0.1a (rcs-revision 1.2)
)))
(/usr/local/texlive/2016/texmf-dist/tex/generic/pgf/frontendlayer/tikz/librarie
s/tikzlibraryarrows.code.tex
File: tikzlibraryarrows.code.tex 2008/01/09 v3.0.1a (rcs-revision 1.1)

(/usr/local/texlive/2016/texmf-dist/tex/generic/pgf/libraries/pgflibraryarrows.
code.tex
File: pgflibraryarrows.code.tex 2013/09/23 v3.0.1a (rcs-revision 1.16)
\arrowsize=\dimen195
))
(/usr/local/texlive/2016/texmf-dist/tex/generic/pgf/frontendlayer/tikz/librarie
s/tikzlibraryshapes.code.tex
File: tikzlibraryshapes.code.tex 2008/01/09 v3.0.1a (rcs-revision 1.1)

(/usr/local/texlive/2016/texmf-dist/tex/generic/pgf/frontendlayer/tikz/librarie
s/tikzlibraryshapes.geometric.code.tex
File: tikzlibraryshapes.geometric.code.tex 2008/01/09 v3.0.1a (rcs-revision 1.1
)

(/usr/local/texlive/2016/texmf-dist/tex/generic/pgf/libraries/shapes/pgflibrary
shapes.geometric.code.tex
File: pgflibraryshapes.geometric.code.tex 2008/06/26 v3.0.1a (rcs-revision 1.1)

))
(/usr/local/texlive/2016/texmf-dist/tex/generic/pgf/frontendlayer/tikz/librarie
s/tikzlibraryshapes.misc.code.tex
File: tikzlibraryshapes.misc.code.tex 2008/01/09 v3.0.1a (rcs-revision 1.1)

(/usr/local/texlive/2016/texmf-dist/tex/generic/pgf/libraries/shapes/pgflibrary
shapes.misc.code.tex
File: pgflibraryshapes.misc.code.tex 2013/07/18 v3.0.1a (rcs-revision 1.5)
))
(/usr/local/texlive/2016/texmf-dist/tex/generic/pgf/frontendlayer/tikz/librarie
s/tikzlibraryshapes.symbols.code.tex
File: tikzlibraryshapes.symbols.code.tex 2008/01/09 v3.0.1a (rcs-revision 1.1)

(/usr/local/texlive/2016/texmf-dist/tex/generic/pgf/libraries/shapes/pgflibrary
shapes.symbols.code.tex
File: pgflibraryshapes.symbols.code.tex 2013/09/11 v3.0.1a (rcs-revision 1.6)
))
(/usr/local/texlive/2016/texmf-dist/tex/generic/pgf/frontendlayer/tikz/librarie
s/tikzlibraryshapes.arrows.code.tex
File: tikzlibraryshapes.arrows.code.tex 2008/01/09 v3.0.1a (rcs-revision 1.1)

(/usr/local/texlive/2016/texmf-dist/tex/generic/pgf/libraries/shapes/pgflibrary
shapes.arrows.code.tex
File: pgflibraryshapes.arrows.code.tex 2008/06/26 v3.0.1a (rcs-revision 1.1)
))
(/usr/local/texlive/2016/texmf-dist/tex/generic/pgf/frontendlayer/tikz/librarie
s/tikzlibraryshapes.callouts.code.tex
(/usr/local/texlive/2016/texmf-dist/tex/generic/pgf/libraries/shapes/pgflibrary
shapes.callouts.code.tex))
(/usr/local/texlive/2016/texmf-dist/tex/generic/pgf/frontendlayer/tikz/librarie
s/tikzlibraryshapes.multipart.code.tex
File: tikzlibraryshapes.multipart.code.tex 2008/01/09 v3.0.1a (rcs-revision 1.1
)

(/usr/local/texlive/2016/texmf-dist/tex/generic/pgf/libraries/shapes/pgflibrary
shapes.multipart.code.tex
File: pgflibraryshapes.multipart.code.tex 2010/01/07 v3.0.1a (rcs-revision 1.2)

\pgfnodepartlowerbox=\box40
\pgfnodeparttwobox=\box41
\pgfnodepartthreebox=\box42
\pgfnodepartfourbox=\box43
\pgfnodeparttwentybox=\box44
\pgfnodepartnineteenbox=\box45
\pgfnodeparteighteenbox=\box46
\pgfnodepartseventeenbox=\box47
\pgfnodepartsixteenbox=\box48
\pgfnodepartfifteenbox=\box49
\pgfnodepartfourteenbox=\box50
\pgfnodepartthirteenbox=\box51
\pgfnodeparttwelvebox=\box52
\pgfnodepartelevenbox=\box53
\pgfnodeparttenbox=\box54
\pgfnodepartninebox=\box55
\pgfnodeparteightbox=\box56
\pgfnodepartsevenbox=\box57
\pgfnodepartsixbox=\box58
\pgfnodepartfivebox=\box59
)))
(/usr/local/texlive/2016/texmf-dist/tex/latex/wrapfig/wrapfig.sty
\wrapoverhang=\dimen196
\WF@size=\dimen197
\c@WF@wrappedlines=\count142
\WF@box=\box60
\WF@everypar=\toks36
Package: wrapfig 2003/01/31  v 3.6
)
(/usr/local/texlive/2016/texmf-dist/tex/latex/base/fixltx2e.sty
Package: fixltx2e 2015/06/22 v2.0b fixes to LaTeX (obsolete)


Package fixltx2e Warning: fixltx2e is not required with releases after 2015
(fixltx2e)                All fixes are now in the LaTeX kernel.
(fixltx2e)                See the latexrelease package for details.

) (/usr/local/texlive/2016/texmf-dist/tex/latex/lettrine/lettrine.sty
File: lettrine.sty 2015/08/31 v1.9 (Daniel Flipo)
\c@DefaultLines=\count143
\c@DefaultDepth=\count144
\DefaultFindent=\dimen198
\DefaultNindent=\dimen199
\DefaultSlope=\dimen256
\DiscardVskip=\dimen257
\L@lbox=\box61
\L@tbox=\box62
\c@L@lines=\count145
\c@L@depth=\count146
\L@Pindent=\dimen258
\L@Findent=\dimen259
\L@Nindent=\dimen260
\L@lraise=\dimen261
\L@first=\dimen262
\L@next=\dimen263
\L@slope=\dimen264
\L@height=\dimen265
\L@novskip=\dimen266
\LettrineWidth=\dimen267
\LettrineHeight=\dimen268
\LettrineDepth=\dimen269

Loading lettrine.cfg
(/usr/local/texlive/2016/texmf-dist/tex/latex/lettrine/lettrine.cfg))
(/usr/local/texlive/2016/texmf-dist/tex/latex/setspace/setspace.sty
Package: setspace 2011/12/19 v6.7a set line spacing
)
(/usr/local/texlive/2016/texmf-dist/tex/latex/tools/verbatim.sty
Package: verbatim 2014/10/28 v1.5q LaTeX2e package for verbatim enhancements
\every@verbatim=\toks37
\verbatim@line=\toks38
\verbatim@in@stream=\read2
)
(/usr/local/texlive/2016/texmf-dist/tex/latex/hyperref/hyperref.sty
Package: hyperref 2016/05/05 v6.83n Hypertext links for LaTeX

(/usr/local/texlive/2016/texmf-dist/tex/generic/oberdiek/hobsub-hyperref.sty
Package: hobsub-hyperref 2016/05/16 v1.14 Bundle oberdiek, subset hyperref (HO)


(/usr/local/texlive/2016/texmf-dist/tex/generic/oberdiek/hobsub-generic.sty
Package: hobsub-generic 2016/05/16 v1.14 Bundle oberdiek, subset generic (HO)
Package: hobsub 2016/05/16 v1.14 Construct package bundles (HO)
Package hobsub Info: Skipping package `infwarerr' (already loaded).
Package hobsub Info: Skipping package `ltxcmds' (already loaded).
Package: ifluatex 2016/05/16 v1.4 Provides the ifluatex switch (HO)
Package ifluatex Info: LuaTeX not detected.
Package hobsub Info: Skipping package `ifvtex' (already loaded).
Package: intcalc 2016/05/16 v1.2 Expandable calculations with integers (HO)
Package hobsub Info: Skipping package `ifpdf' (already loaded).
Package: etexcmds 2016/05/16 v1.6 Avoid name clashes with e-TeX commands (HO)
Package etexcmds Info: Could not find \expanded.
(etexcmds)             That can mean that you are not using pdfTeX 1.50 or
(etexcmds)             that some package has redefined \expanded.
(etexcmds)             In the latter case, load this package earlier.
Package: kvsetkeys 2016/05/16 v1.17 Key value parser (HO)
Package: kvdefinekeys 2016/05/16 v1.4 Define keys (HO)
Package: pdftexcmds 2016/05/10 v0.21 Utility functions of pdfTeX for LuaTeX (HO
)
Package pdftexcmds Info: LuaTeX not detected.
Package pdftexcmds Info: pdfTeX >= 1.30 not detected.
Package pdftexcmds Info: \pdf@primitive is available.
Package pdftexcmds Info: \pdf@ifprimitive is available.
Package pdftexcmds Info: \pdfdraftmode not found.
Package: pdfescape 2016/05/16 v1.14 Implements pdfTeX's escape features (HO)
Package: bigintcalc 2016/05/16 v1.4 Expandable calculations on big integers (HO
)
Package: bitset 2016/05/16 v1.2 Handle bit-vector datatype (HO)
Package: uniquecounter 2016/05/16 v1.3 Provide unlimited unique counter (HO)
)
Package hobsub Info: Skipping package `hobsub' (already loaded).
Package hobsub Info: Skipping package `letltxmacro' (already loaded).
Package: hopatch 2016/05/16 v1.3 Wrapper for package hooks (HO)
Package: xcolor-patch 2016/05/16 xcolor patch
Package: atveryend 2016/05/16 v1.9 Hooks at the very end of document (HO)
Package: atbegshi 2016/05/16 v1.17 At begin shipout hook (HO)
Package: refcount 2016/05/16 v3.5 Data extraction from label references (HO)
Package: hycolor 2016/05/16 v1.8 Color options for hyperref/bookmark (HO)
)
(/usr/local/texlive/2016/texmf-dist/tex/latex/oberdiek/auxhook.sty
Package: auxhook 2016/05/16 v1.4 Hooks for auxiliary files (HO)
)
(/usr/local/texlive/2016/texmf-dist/tex/latex/oberdiek/kvoptions.sty
Package: kvoptions 2016/05/16 v3.12 Key value format for package options (HO)
)
\@linkdim=\dimen270
\Hy@linkcounter=\count147
\Hy@pagecounter=\count148

(/usr/local/texlive/2016/texmf-dist/tex/latex/hyperref/pd1enc.def
File: pd1enc.def 2016/05/05 v6.83n Hyperref: PDFDocEncoding definition (HO)
)
\Hy@SavedSpaceFactor=\count149

(/usr/local/texlive/2016/texmf-dist/tex/latex/latexconfig/hyperref.cfg
File: hyperref.cfg 2002/06/06 v1.2 hyperref configuration of TeXLive
)
Package hyperref Info: Hyper figures OFF on input line 4446.
Package hyperref Info: Link nesting OFF on input line 4451.
Package hyperref Info: Hyper index ON on input line 4454.
Package hyperref Info: Plain pages OFF on input line 4461.
Package hyperref Info: Backreferencing OFF on input line 4466.
Package hyperref Info: Implicit mode ON; LaTeX internals redefined.
Package hyperref Info: Bookmarks ON on input line 4691.
\c@Hy@tempcnt=\count150

(/usr/local/texlive/2016/texmf-dist/tex/latex/url/url.sty
\Urlmuskip=\muskip11
Package: url 2013/09/16  ver 3.4  Verb mode for urls, etc.
)
LaTeX Info: Redefining \url on input line 5044.
\XeTeXLinkMargin=\dimen271
\Fld@menulength=\count151
\Field@Width=\dimen272
\Fld@charsize=\dimen273
Package hyperref Info: Hyper figures OFF on input line 6298.
Package hyperref Info: Link nesting OFF on input line 6303.
Package hyperref Info: Hyper index ON on input line 6306.
Package hyperref Info: backreferencing OFF on input line 6313.
Package hyperref Info: Link coloring OFF on input line 6318.
Package hyperref Info: Link coloring with OCG OFF on input line 6323.
Package hyperref Info: PDF/A mode OFF on input line 6328.
LaTeX Info: Redefining \ref on input line 6368.
LaTeX Info: Redefining \pageref on input line 6372.
\Hy@abspage=\count152
\c@Item=\count153
\c@Hfootnote=\count154
)

Package hyperref Message: Driver (autodetected): hxetex.

(/usr/local/texlive/2016/texmf-dist/tex/latex/hyperref/hxetex.def
File: hxetex.def 2016/05/05 v6.83n Hyperref driver for XeTeX

(/usr/local/texlive/2016/texmf-dist/tex/latex/hyperref/puenc.def
File: puenc.def 2016/05/05 v6.83n Hyperref: PDF Unicode definition (HO)
)
(/usr/local/texlive/2016/texmf-dist/tex/generic/oberdiek/stringenc.sty
Package: stringenc 2016/05/16 v1.11 Convert strings between diff. encodings (HO
)
)
\pdfm@box=\box63
\c@Hy@AnnotLevel=\count155
\HyField@AnnotCount=\count156
\Fld@listcount=\count157
\c@bookmark@seq@number=\count158

(/usr/local/texlive/2016/texmf-dist/tex/latex/oberdiek/rerunfilecheck.sty
Package: rerunfilecheck 2016/05/16 v1.8 Rerun checks for auxiliary files (HO)
Package rerunfilecheck Info: Feature \pdfmdfivesum is not available
(rerunfilecheck)             (e.g. pdfTeX or LuaTeX with package `pdftexcmds').

(rerunfilecheck)             Therefore file contents cannot be checked efficien
tly
(rerunfilecheck)             and the loading of the package is aborted.
)
\Hy@SectionHShift=\skip72
)
(/usr/local/texlive/2016/texmf-dist/tex/latex/amsfonts/amssymb.sty
Package: amssymb 2013/01/14 v3.01 AMS font symbols

(/usr/local/texlive/2016/texmf-dist/tex/latex/amsfonts/amsfonts.sty
Package: amsfonts 2013/01/14 v3.01 Basic AMSFonts support
\symAMSa=\mathgroup4
\symAMSb=\mathgroup5
LaTeX Font Info:    Overwriting math alphabet `\mathfrak' in version `bold'
(Font)                  U/euf/m/n --> U/euf/b/n on input line 106.
))
(/usr/local/texlive/2016/texmf-dist/tex/xelatex/mathspec/mathspec.sty
Package: mathspec 2009/09/30 v0.2 LaTeX Package (Mathematics font selection for
 XeLaTeX)

(/usr/local/texlive/2016/texmf-dist/tex/latex/fontspec/fontspec.sty
(/usr/local/texlive/2016/texmf-dist/tex/latex/l3kernel/expl3.sty
Package: expl3 2016/05/18 v6512 L3 programming layer (loader) 

(/usr/local/texlive/2016/texmf-dist/tex/latex/l3kernel/expl3-code.tex
Package: expl3 2016/05/18 v6512 L3 programming layer (code)
L3 Module: l3bootstrap 2016/02/12 v6412 L3 Bootstrap code
L3 Module: l3names 2016/03/11 v6433 L3 Namespace for primitives
L3 Module: l3basics 2015/11/22 v6315 L3 Basic definitions
L3 Module: l3expan 2015/09/10 v5983 L3 Argument expansion
L3 Module: l3tl 2016/03/26 v6465 L3 Token lists
L3 Module: l3str 2016/03/24 v6441 L3 Strings
L3 Module: l3seq 2015/08/05 v5777 L3 Sequences and stacks
L3 Module: l3int 2016/03/24 v6441 L3 Integers
\c_max_int=\count159
\l_tmpa_int=\count160
\l_tmpb_int=\count161
\g_tmpa_int=\count162
\g_tmpb_int=\count163
L3 Module: l3quark 2015/08/17 v5855 L3 Quarks
L3 Module: l3prg 2015/11/01 v6216 L3 Control structures
\g__prg_map_int=\count164
L3 Module: l3clist 2015/09/02 v5901 L3 Comma separated lists
L3 Module: l3token 2016/04/03 v6470 L3 Experimental token manipulation
L3 Module: l3prop 2016/01/05 v6366 L3 Property lists
L3 Module: l3msg 2016/03/26 v6464 L3 Messages
L3 Module: l3file 2016/03/25 v6458 L3 File and I/O operations
\l_iow_line_count_int=\count165
\l__iow_target_count_int=\count166
\l__iow_current_line_int=\count167
\l__iow_current_word_int=\count168
\l__iow_current_indentation_int=\count169
L3 Module: l3skip 2016/01/05 v6366 L3 Dimensions and skips
\c_zero_dim=\dimen274
\c_max_dim=\dimen275
\l_tmpa_dim=\dimen276
\l_tmpb_dim=\dimen277
\g_tmpa_dim=\dimen278
\g_tmpb_dim=\dimen279
\c_zero_skip=\skip73
\c_max_skip=\skip74
\l_tmpa_skip=\skip75
\l_tmpb_skip=\skip76
\g_tmpa_skip=\skip77
\g_tmpb_skip=\skip78
\c_zero_muskip=\muskip12
\c_max_muskip=\muskip13
\l_tmpa_muskip=\muskip14
\l_tmpb_muskip=\muskip15
\g_tmpa_muskip=\muskip16
\g_tmpb_muskip=\muskip17
L3 Module: l3keys 2015/11/17 v6284 L3 Key-value interfaces
\g__keyval_level_int=\count170
\l_keys_choice_int=\count171
L3 Module: l3fp 2016/03/26 v6465 L3 Floating points
\c__fp_leading_shift_int=\count172
\c__fp_middle_shift_int=\count173
\c__fp_trailing_shift_int=\count174
\c__fp_big_leading_shift_int=\count175
\c__fp_big_middle_shift_int=\count176
\c__fp_big_trailing_shift_int=\count177
\c__fp_Bigg_leading_shift_int=\count178
\c__fp_Bigg_middle_shift_int=\count179
\c__fp_Bigg_trailing_shift_int=\count180
L3 Module: l3box 2015/08/09 v5822 L3 Experimental boxes
\c_empty_box=\box64
\l_tmpa_box=\box65
\l_tmpb_box=\box66
\g_tmpa_box=\box67
\g_tmpb_box=\box68
L3 Module: l3coffins 2016/05/17 v6508 L3 Coffin code layer
\l__coffin_internal_box=\box69
\l__coffin_internal_dim=\dimen280
\l__coffin_offset_x_dim=\dimen281
\l__coffin_offset_y_dim=\dimen282
\l__coffin_x_dim=\dimen283
\l__coffin_y_dim=\dimen284
\l__coffin_x_prime_dim=\dimen285
\l__coffin_y_prime_dim=\dimen286
\c_empty_coffin=\box70
\l__coffin_aligned_coffin=\box71
\l__coffin_aligned_internal_coffin=\box72
\l_tmpa_coffin=\box73
\l_tmpb_coffin=\box74
\l__coffin_display_coffin=\box75
\l__coffin_display_coord_coffin=\box76
\l__coffin_display_pole_coffin=\box77
\l__coffin_display_offset_dim=\dimen287
\l__coffin_display_x_dim=\dimen288
\l__coffin_display_y_dim=\dimen289
L3 Module: l3color 2014/08/23 v5354 L3 Experimental color support
L3 Module: l3sys 2015/09/25 v6087 L3 Experimental system/runtime functions
L3 Module: l3candidates 2016/05/13 v6484 L3 Experimental additions to l3kernel
\l__box_top_dim=\dimen290
\l__box_bottom_dim=\dimen291
\l__box_left_dim=\dimen292
\l__box_right_dim=\dimen293
\l__box_top_new_dim=\dimen294
\l__box_bottom_new_dim=\dimen295
\l__box_left_new_dim=\dimen296
\l__box_right_new_dim=\dimen297
\l__box_internal_box=\box78
\l__coffin_bounding_shift_dim=\dimen298
\l__coffin_left_corner_dim=\dimen299
\l__coffin_right_corner_dim=\dimen300
\l__coffin_bottom_corner_dim=\dimen301
\l__coffin_top_corner_dim=\dimen302
\l__coffin_scaled_total_height_dim=\dimen303
\l__coffin_scaled_width_dim=\dimen304
L3 Module: l3luatex 2016/03/26 v6465 L3 Experimental LuaTeX-specific functions
)
(/usr/local/texlive/2016/texmf-dist/tex/latex/l3kernel/l3xdvipdfmx.def
File: l3xdvidpfmx.def 2016/03/26 v6465 L3 Experimental driver: xdvipdfmx
\l__driver_tmp_box=\box79
))
(/usr/local/texlive/2016/texmf-dist/tex/latex/l3packages/xparse/xparse.sty
Package: xparse 2016/05/18 v6512 L3 Experimental document command parser
\l__xparse_current_arg_int=\count181
\l__xparse_m_args_int=\count182
\l__xparse_mandatory_args_int=\count183
\l__xparse_processor_int=\count184
\l__xparse_v_nesting_int=\count185
)
Package: fontspec 2016/02/01 v2.5a Font selection for XeLaTeX and LuaLaTeX

(/usr/local/texlive/2016/texmf-dist/tex/latex/fontspec/fontspec-xetex.sty
Package: fontspec-xetex 2016/02/01 v2.5a Font selection for XeLaTeX and LuaLaTe
X
\l_fontspec_script_int=\count186
\l_fontspec_language_int=\count187
\l_fontspec_strnum_int=\count188
\l__fontspec_tmpa_dim=\dimen305
\l__fontspec_tmpb_dim=\dimen306
\l__fontspec_tmpc_dim=\dimen307
\g__file_internal_ior=\read3

(/usr/local/texlive/2016/texmf-dist/tex/latex/base/fontenc.sty
Package: fontenc 2005/09/27 v1.99g Standard LaTeX package

(/usr/local/texlive/2016/texmf-dist/tex/latex/euenc/eu1enc.def
File: eu1enc.def 2010/05/27 v0.1h Experimental Unicode font encodings
)
LaTeX Font Info:    Try loading font information for EU1+lmr on input line 105.


(/usr/local/texlive/2016/texmf-dist/tex/latex/euenc/eu1lmr.fd
File: eu1lmr.fd 2009/10/30 v1.6 Font defs for Latin Modern
))
(/usr/local/texlive/2016/texmf-dist/tex/xelatex/xunicode/xunicode.sty
File: xunicode.sty 2011/09/09 v0.981 provides access to latin accents and many 
other characters in Unicode lower plane

(/usr/local/texlive/2016/texmf-dist/tex/latex/tipa/t3enc.def
File: t3enc.def 2001/12/31 T3 encoding
LaTeX Font Info:    Try loading font information for EU1+lmss on input line 357
.

(/usr/local/texlive/2016/texmf-dist/tex/latex/euenc/eu1lmss.fd
File: eu1lmss.fd 2009/10/30 v1.6 Font defs for Latin Modern
))
\tipaTiiicode=\count189
\tipasavetokens=\toks39
\tipachecktokens=\toks40
)
.................................................
. LaTeX info: "xparse/define-command"
. 
. Defining command \__fontspec_post_arg:w with sig. 'mmO{}' on line 353.
.................................................
.................................................
. LaTeX info: "xparse/define-command"
. 
. Defining command \fontspec with sig. 'om' on line 355.
.................................................
.................................................
. LaTeX info: "xparse/define-command"
. 
. Defining command \setmainfont with sig. 'om' on line 365.
.................................................
.................................................
. LaTeX info: "xparse/define-command"
. 
. Defining command \setsansfont with sig. 'om' on line 375.
.................................................
.................................................
. LaTeX info: "xparse/define-command"
. 
. Defining command \setmonofont with sig. 'om' on line 385.
.................................................
.................................................
. LaTeX info: "xparse/define-command"
. 
. Defining command \setmathrm with sig. 'om' on line 399.
.................................................
.................................................
. LaTeX info: "xparse/define-command"
. 
. Defining command \setboldmathrm with sig. 'om' on line 407.
.................................................
.................................................
. LaTeX info: "xparse/define-command"
. 
. Defining command \setmathsf with sig. 'om' on line 415.
.................................................
.................................................
. LaTeX info: "xparse/define-command"
. 
. Defining command \setmathtt with sig. 'om' on line 423.
.................................................
.................................................
. LaTeX info: "xparse/define-command"
. 
. Defining command \newfontfamily with sig. 'mom' on line 437.
.................................................
.................................................
. LaTeX info: "xparse/define-command"
. 
. Defining command \newfontface with sig. 'mom' on line 453.
.................................................
.................................................
. LaTeX info: "xparse/define-command"
. 
. Defining command \defaultfontfeatures with sig. 't+om' on line 467.
.................................................
.................................................
. LaTeX info: "xparse/define-command"
. 
. Defining command \addfontfeatures with sig. 'm' on line 529.
.................................................
.................................................
. LaTeX info: "xparse/define-command"
. 
. Defining command \newfontfeature with sig. 'mm' on line 540.
.................................................
.................................................
. LaTeX info: "xparse/define-command"
. 
. Defining command \newAATfeature with sig. 'mmmm' on line 548.
.................................................
.................................................
. LaTeX info: "xparse/define-command"
. 
. Defining command \newopentypefeature with sig. 'mmm' on line 556.
.................................................
.................................................
. LaTeX info: "xparse/define-command"
. 
. Defining command \aliasfontfeature with sig. 'mm' on line 577.
.................................................
.................................................
. LaTeX info: "xparse/define-command"
. 
. Defining command \aliasfontfeatureoption with sig. 'mmm' on line 586.
.................................................
.................................................
. LaTeX info: "xparse/define-command"
. 
. Defining command \newfontscript with sig. 'mm' on line 590.
.................................................
.................................................
. LaTeX info: "xparse/define-command"
. 
. Defining command \newfontlanguage with sig. 'mm' on line 594.
.................................................
.................................................
. LaTeX info: "xparse/define-command"
. 
. Defining command \DeclareFontsExtensions with sig. 'm' on line 599.
.................................................
\l__fontspec_tmp_int=\count190

(/usr/local/texlive/2016/texmf-dist/tex/latex/fontspec/fontspec.cfg)
LaTeX Info: Redefining \itshape on input line 2705.
LaTeX Info: Redefining \slshape on input line 2710.
LaTeX Info: Redefining \scshape on input line 2715.
LaTeX Info: Redefining \upshape on input line 2720.
\l__fontspec_em_int=\count191
\l__fontspec_emdef_int=\count192
LaTeX Info: Redefining \em on input line 2736.
LaTeX Info: Redefining \emph on input line 2742.
LaTeX Info: Redefining \- on input line 2746.
.................................................
. LaTeX info: "xparse/redefine-command"
. 
. Redefining command \oldstylenums with sig. 'm' on line 2841.
.................................................
.................................................
. LaTeX info: "xparse/define-command"
. 
. Defining command \liningnums with sig. 'm' on line 2845.
.................................................
))
(/usr/local/texlive/2016/texmf-dist/tex/latex/xkeyval/xkeyval.sty
Package: xkeyval 2014/12/03 v2.7a package option processing (HA)

(/usr/local/texlive/2016/texmf-dist/tex/generic/xkeyval/xkeyval.tex
(/usr/local/texlive/2016/texmf-dist/tex/generic/xkeyval/xkvutils.tex
\XKV@toks=\toks41
\XKV@tempa@toks=\toks42
)
\XKV@depth=\count193
File: xkeyval.tex 2014/12/03 v2.7a key=value parser (HA)
))
\c@eu@=\count194
\c@eu@i=\count195
\c@mkern=\count196
)
*************************************************
* fontspec warning: "icu-feature-not-exist-in-font"
* 
* OpenType feature 'Numbers=Proportional' (+pnum) not available for font
* 'Times New Roman' with script 'Latin' and language 'Default'.
*************************************************
\g__fontspec_family_TimesNewRoman_int=\count197
*************************************************
* fontspec warning: "icu-feature-not-exist-in-font"
* 
* OpenType feature 'Numbers=Proportional' (+pnum) not available for font
* 'Times New Roman' with script 'Latin' and language 'Default'.
*************************************************
*************************************************
* fontspec warning: "icu-feature-not-exist-in-font"
* 
* OpenType feature 'Numbers=Proportional' (+pnum) not available for font
* 'Times New Roman/B' with script 'Latin' and language 'Default'.
*************************************************
*************************************************
* fontspec warning: "icu-feature-not-exist-in-font"
* 
* OpenType feature 'Numbers=Proportional' (+pnum) not available for font
* 'Times New Roman/I' with script 'Latin' and language 'Default'.
*************************************************
*************************************************
* fontspec warning: "icu-feature-not-exist-in-font"
* 
* OpenType feature 'Numbers=Proportional' (+pnum) not available for font
* 'Times New Roman/BI' with script 'Latin' and language 'Default'.
*************************************************
.................................................
. fontspec info: "defining-font"
. 
. Font family 'TimesNewRoman(0)' created for font 'Times New Roman' with
. options [Numbers={Proportional}].
. 
. This font family consists of the following NFSS series/shapes:
. - 'normal' (m/n) with NFSS spec.: <->"Times New
. Roman/OT:script=latn;language=DFLT;"
. - 'small caps'  (m/sc) with NFSS spec.: - 'bold' (bx/n) with NFSS spec.:
. <->"Times New Roman/B/OT:script=latn;language=DFLT;"
. - 'bold small caps'  (bx/sc) with NFSS spec.: - 'italic' (m/it) with NFSS
. spec.: <->"Times New Roman/I/OT:script=latn;language=DFLT;"
. - 'italic small caps'  (m/itsc) with NFSS spec.: - 'bold italic' (bx/it)
. with NFSS spec.: <->"Times New Roman/BI/OT:script=latn;language=DFLT;"
. - 'bold italic small caps'  (bx/itsc) with NFSS spec.: 
.................................................
\symDigits:m:n=\mathgroup6
*************************************************
* fontspec warning: "icu-feature-not-exist-in-font"
* 
* OpenType feature 'Numbers=Proportional' (+pnum) not available for font
* 'Times New Roman' with script 'Latin' and language 'Default'.
*************************************************
\symLatin:m:n=\mathgroup7
\symLatin:m:it=\mathgroup8
*************************************************
* fontspec warning: "icu-feature-not-exist-in-font"
* 
* OpenType feature 'Numbers=Proportional' (+pnum) not available for font
* 'Times New Roman' with script 'Latin' and language 'Default'.
*************************************************
\symGreek:m:n=\mathgroup9
\symGreek:m:it=\mathgroup10
\g__fontspec_family_EBGaramond_int=\count198
.................................................
. fontspec info: "no-font-shape"
. 
. Could not resolve font EB Garamond/B (it probably doesn't exist).
.................................................
.................................................
. fontspec info: "defining-font"
. 
. Font family 'EBGaramond(0)' created for font 'EB Garamond' with options [].
. 
. This font family consists of the following NFSS series/shapes:
. - 'normal' (m/n) with NFSS spec.: <->"EB
. Garamond/OT:script=latn;language=DFLT;"
. - 'small caps'  (m/sc) with NFSS spec.: <->"EB
. Garamond/OT:script=latn;language=DFLT;+smcp;"- 'italic' (m/it) with NFSS
. spec.: <->"EB Garamond/I/OT:script=latn;language=DFLT;"
. - 'italic small caps'  (m/itsc) with NFSS spec.: <->"EB
. Garamond/I/OT:script=latn;language=DFLT;+smcp;"- 'bold italic' (bx/it) with
. NFSS spec.: <->"EB Garamond/BI/OT:script=latn;language=DFLT;"
. - 'bold italic small caps'  (bx/itsc) with NFSS spec.: <->"EB
. Garamond/BI/OT:script=latn;language=DFLT;+smcp;"
.................................................
LaTeX Font Info:    Redeclaring math alphabet \mathrm on input line 151.
LaTeX Font Info:    Overwriting math alphabet `\mathrm' in version `bold'
(Font)                  EU1/EBGaramond(0)/m/n --> EU1/EBGaramond(0)/bx/n on inp
ut line 151.
LaTeX Font Info:    Redeclaring math alphabet \mathit on input line 151.
LaTeX Font Info:    Overwriting math alphabet `\mathit' in version `normal'
(Font)                  OT1/cmr/m/it --> EU1/EBGaramond(0)/m/it on input line 1
51.
LaTeX Font Info:    Overwriting math alphabet `\mathit' in version `bold'
(Font)                  OT1/cmr/bx/it --> EU1/EBGaramond(0)/m/it on input line 
151.
LaTeX Font Info:    Redeclaring math alphabet \mathbf on input line 151.
LaTeX Font Info:    Overwriting math alphabet `\mathbf' in version `normal'
(Font)                  OT1/cmr/bx/n --> EU1/EBGaramond(0)/bx/n on input line 1
51.
LaTeX Font Info:    Overwriting math alphabet `\mathbf' in version `bold'
(Font)                  OT1/cmr/bx/n --> EU1/EBGaramond(0)/bx/n on input line 1
51.
LaTeX Font Info:    Overwriting math alphabet `\mathit' in version `bold'
(Font)                  EU1/EBGaramond(0)/m/it --> EU1/EBGaramond(0)/bx/it on i
nput line 151.
\symOperators:m:n=\mathgroup11
.................................................
. fontspec info: "no-font-shape"
. 
. Could not resolve font EB Garamond/B (it probably doesn't exist).
.................................................
.................................................
. fontspec info: "defining-font"
. 
. Font family 'EBGaramond(1)' created for font 'EB Garamond' with options
. [Ligatures=TeX,Numbers=OldStyle,Ligatures={Common, TeX},Scale=1.0].
. 
. This font family consists of the following NFSS series/shapes:
. - 'normal' (m/n) with NFSS spec.: <->s*[1.0]"EB
. Garamond/OT:script=latn;language=DFLT;mapping=tex-text;+onum;+liga;mapping=te
x-text;"
. - 'small caps'  (m/sc) with NFSS spec.: <->s*[1.0]"EB
. Garamond/OT:script=latn;language=DFLT;mapping=tex-text;+onum;+liga;mapping=te
x-text;+smcp;"-
. 'italic' (m/it) with NFSS spec.: <->s*[1.0]"EB
. Garamond/I/OT:script=latn;language=DFLT;mapping=tex-text;+onum;+liga;mapping=
tex-text;"
. - 'italic small caps'  (m/itsc) with NFSS spec.: <->s*[1.0]"EB
. Garamond/I/OT:script=latn;language=DFLT;mapping=tex-text;+onum;+liga;mapping=
tex-text;+smcp;"-
. 'bold italic' (bx/it) with NFSS spec.: <->s*[1.0]"EB
. Garamond/BI/OT:script=latn;language=DFLT;mapping=tex-text;+onum;+liga;mapping
=tex-text;"
. - 'bold italic small caps'  (bx/itsc) with NFSS spec.: <->s*[1.0]"EB
. Garamond/BI/OT:script=latn;language=DFLT;mapping=tex-text;+onum;+liga;mapping
=tex-text;+smcp;"
.................................................
LaTeX Font Info:    Font shape `EU1/EBGaramond(1)/m/n' will be
(Font)              scaled to size 12.0pt on input line 155.
.................................................
. fontspec info: "no-font-shape"
. 
. Could not resolve font EB Garamond/B (it probably doesn't exist).
.................................................
.................................................
. fontspec info: "defining-font"
. 
. Font family 'EBGaramond(2)' created for font 'EB Garamond' with options
. [RawFeature={+c2sc,+scmp}].
. 
. This font family consists of the following NFSS series/shapes:
. - 'normal' (m/n) with NFSS spec.: <->"EB
. Garamond/OT:script=latn;language=DFLT;+c2sc,+scmp;"
. - 'small caps'  (m/sc) with NFSS spec.: <->"EB
. Garamond/OT:script=latn;language=DFLT;+c2sc,+scmp;+smcp;"- 'italic' (m/it)
. with NFSS spec.: <->"EB
. Garamond/I/OT:script=latn;language=DFLT;+c2sc,+scmp;"
. - 'italic small caps'  (m/itsc) with NFSS spec.: <->"EB
. Garamond/I/OT:script=latn;language=DFLT;+c2sc,+scmp;+smcp;"- 'bold italic'
. (bx/it) with NFSS spec.: <->"EB
. Garamond/BI/OT:script=latn;language=DFLT;+c2sc,+scmp;"
. - 'bold italic small caps'  (bx/itsc) with NFSS spec.: <->"EB
. Garamond/BI/OT:script=latn;language=DFLT;+c2sc,+scmp;+smcp;"
.................................................
.................................................
. fontspec info: "no-scripts"
. 
. Font Helvetica does not contain any OpenType `Script' information.
.................................................
.................................................
. fontspec info: "set-scale"
. 
. Helvetica scale = 0.7869537839737581.
.................................................
\g__fontspec_family_Helvetica_int=\count199
.................................................
. fontspec info: "set-scale"
. 
. Helvetica scale = 0.7869537839737581.
.................................................
.................................................
. fontspec info: "set-scale"
. 
. Helvetica/B scale = 0.7732376329748966.
.................................................
.................................................
. fontspec info: "set-scale"
. 
. Helvetica/I scale = 0.7869537839737581.
.................................................
.................................................
. fontspec info: "set-scale"
. 
. Helvetica/BI scale = 0.7627402509846593.
.................................................
.................................................
. fontspec info: "defining-font"
. 
. Font family 'Helvetica(0)' created for font 'Helvetica' with options
. [Ligatures=TeX,Scale=MatchLowercase].
. 
. This font family consists of the following NFSS series/shapes:
. - 'normal' (m/n) with NFSS spec.:
. <->s*[0.7869537839737581]"Helvetica/AAT:mapping=tex-text;"
. - 'small caps'  (m/sc) with NFSS spec.: - 'bold' (bx/n) with NFSS spec.:
. <->s*[0.7732376329748966]"Helvetica/B/AAT:mapping=tex-text;"
. - 'bold small caps'  (bx/sc) with NFSS spec.: - 'italic' (m/it) with NFSS
. spec.: <->s*[0.7869537839737581]"Helvetica/I/AAT:mapping=tex-text;"
. - 'italic small caps'  (m/itsc) with NFSS spec.: - 'bold italic' (bx/it)
. with NFSS spec.:
. <->s*[0.7627402509846593]"Helvetica/BI/AAT:mapping=tex-text;"
. - 'bold italic small caps'  (bx/itsc) with NFSS spec.: 
.................................................
.................................................
. fontspec info: "set-scale"
. 
. Source Code Pro scale = 0.8541671633725133.
.................................................
\g__fontspec_family_SourceCodePro_int=\count266
.................................................
. fontspec info: "no-font-shape"
. 
. Could not resolve font Source Code Pro/I (it probably doesn't exist).
.................................................
.................................................
. fontspec info: "set-scale"
. 
. Source Code Pro scale = 0.8541671633725133.
.................................................
.................................................
. fontspec info: "set-scale"
. 
. Source Code Pro/B scale = 0.8541671633725133.
.................................................
.................................................
. fontspec info: "set-scale"
. 
. Source Code Pro/BI scale = 0.8541671633725133.
.................................................
.................................................
. fontspec info: "defining-font"
. 
. Font family 'SourceCodePro(0)' created for font 'Source Code Pro' with
. options [WordSpace={1,0,0},PunctuationSpace=WordSpace,Scale=MatchLowercase].
. 
. This font family consists of the following NFSS series/shapes:
. - 'normal' (m/n) with NFSS spec.: <->s*[0.8541671633725133]"Source Code
. Pro/OT:script=latn;language=DFLT;"
. - 'small caps'  (m/sc) with NFSS spec.: 
. and font adjustment code:
. \fontdimen 2\font =1\fontdimen 2\font \fontdimen 3\font =0\fontdimen 3\font
. \fontdimen 4\font =0\fontdimen 4\font \fontdimen 7\font =0\fontdimen 2\font
. - 'bold' (bx/n) with NFSS spec.: <->s*[0.8541671633725133]"Source Code
. Pro/B/OT:script=latn;language=DFLT;"
. - 'bold small caps'  (bx/sc) with NFSS spec.: 
. and font adjustment code:
. \fontdimen 2\font =1\fontdimen 2\font \fontdimen 3\font =0\fontdimen 3\font
. \fontdimen 4\font =0\fontdimen 4\font \fontdimen 7\font =0\fontdimen 2\font
. - 'bold italic' (bx/it) with NFSS spec.: <->s*[0.8541671633725133]"Source
. Code Pro/BI/OT:script=latn;language=DFLT;"
. - 'bold italic small caps'  (bx/itsc) with NFSS spec.: 
. and font adjustment code:
. \fontdimen 2\font =1\fontdimen 2\font \fontdimen 3\font =0\fontdimen 3\font
. \fontdimen 4\font =0\fontdimen 4\font \fontdimen 7\font =0\fontdimen 2\font 
.................................................
Package caption Info: We need package `newfloat' on input line 166.
(/usr/local/texlive/2016/texmf-dist/tex/latex/caption/newfloat.sty
Package: newfloat 2015/09/17 v1.1-109 Defining new floating environments (AR)
)
(/usr/local/texlive/2016/texmf-dist/tex/latex/microtype/microtype.sty
Package: microtype 2016/05/14 v2.6a Micro-typographical refinements (RS)
\MT@toks=\toks43
\MT@count=\count267
LaTeX Info: Redefining \textls on input line 774.
\MT@outer@kern=\dimen308
LaTeX Info: Redefining \textmicrotypecontext on input line 1310.
\MT@listname@count=\count268

(/usr/local/texlive/2016/texmf-dist/tex/latex/microtype/microtype-xetex.def
File: microtype-xetex.def 2016/05/14 v2.6a Definitions specific to xetex (RS)
LaTeX Info: Redefining \lsstyle on input line 255.
)
Package microtype Info: Loading configuration file microtype.cfg.

(/usr/local/texlive/2016/texmf-dist/tex/latex/microtype/microtype.cfg
File: microtype.cfg 2016/05/14 v2.6a microtype main configuration file (RS)
))
(/usr/local/texlive/2016/texmf-dist/tex/latex/fancyhdr/fancyhdr.sty
\fancy@headwidth=\skip79
\f@ncyO@elh=\skip80
\f@ncyO@erh=\skip81
\f@ncyO@olh=\skip82
\f@ncyO@orh=\skip83
\f@ncyO@elf=\skip84
\f@ncyO@erf=\skip85
\f@ncyO@olf=\skip86
\f@ncyO@orf=\skip87
)
(/usr/local/texlive/2016/texmf-dist/tex/latex/titlesec/titlesec.sty
Package: titlesec 2016/03/21 v2.10.2 Sectioning titles
\ttl@box=\box80
\beforetitleunit=\skip88
\aftertitleunit=\skip89
\ttl@plus=\dimen309
\ttl@minus=\dimen310
\ttl@toksa=\toks44
\titlewidth=\dimen311
\titlewidthlast=\dimen312
\titlewidthfirst=\dimen313
)
(/usr/local/texlive/2016/texmf-dist/tex/latex/titling/titling.sty
Package: titling 2009/09/04 v2.1d maketitle typesetting
\thanksmarkwidth=\skip90
\thanksmargin=\skip91
\droptitle=\skip92
)
(/usr/local/texlive/2016/texmf-dist/tex/latex/tocloft/tocloft.sty
Package: tocloft 2013/05/02 v2.3f parameterised ToC, etc., typesetting
Package tocloft Info: The document has chapter divisions on input line 44.
\cftparskip=\skip93
\cftbeforetoctitleskip=\skip94
\cftaftertoctitleskip=\skip95
\cftbeforepartskip=\skip96
\cftpartnumwidth=\skip97
\cftpartindent=\skip98
\cftbeforechapskip=\skip99
\cftchapindent=\skip100
\cftchapnumwidth=\skip101
\cftbeforesecskip=\skip102
\cftsecindent=\skip103
\cftsecnumwidth=\skip104
\cftbeforesubsecskip=\skip105
\cftsubsecindent=\skip106
\cftsubsecnumwidth=\skip107
\cftbeforesubsubsecskip=\skip108
\cftsubsubsecindent=\skip109
\cftsubsubsecnumwidth=\skip110
\cftbeforeparaskip=\skip111
\cftparaindent=\skip112
\cftparanumwidth=\skip113
\cftbeforesubparaskip=\skip114
\cftsubparaindent=\skip115
\cftsubparanumwidth=\skip116
\cftbeforeloftitleskip=\skip117
\cftafterloftitleskip=\skip118
\cftbeforefigskip=\skip119
\cftfigindent=\skip120
\cftfignumwidth=\skip121
\cftbeforelottitleskip=\skip122
\cftafterlottitleskip=\skip123
\cftbeforetabskip=\skip124
\cfttabindent=\skip125
\cfttabnumwidth=\skip126
\cftbeforesubfigskip=\skip127
\cftsubfigindent=\skip128
\cftsubfignumwidth=\skip129
\cftbeforesubtabskip=\skip130
\cftsubtabindent=\skip131
\cftsubtabnumwidth=\skip132
)
(/usr/local/texlive/2016/texmf-dist/tex/latex/appendix/appendix.sty
Package: appendix 2009/09/02 v1.2b extra appendix facilities
\c@@pps=\count269
\c@@ppsavesec=\count270
\c@@ppsaveapp=\count271
)
(/usr/local/texlive/2016/texmf-dist/tex/latex/natbib/natbib.sty
Package: natbib 2010/09/13 8.31b (PWD, AO)
\bibhang=\skip133
\bibsep=\skip134
LaTeX Info: Redefining \cite on input line 694.
\c@NAT@ctr=\count272
)
(/usr/local/texlive/2016/texmf-dist/tex/latex/quotchap/quotchap.sty
Package: quotchap 2012/10/20 v1.1 Decorative Chapter Headings with Quotes
\@quotebox=\box81
)
\mybibindent=\skip135
Package hyperref Info: Option `colorlinks' set `true' on input line 267.
)
(./dissertation.aux (./chapters/introduction.aux) (./chapters/chapter1.aux)
(./chapters/chapter2.aux

LaTeX Warning: Label `tab:biases' multiply defined.


LaTeX Warning: Label `fig:screenshot' multiply defined.


LaTeX Warning: Label `tab:scenarios' multiply defined.


LaTeX Warning: Label `tab:scenarios2' multiply defined.

) (./chapters/chapter3.aux) (./chapters/chapter4.aux

LaTeX Warning: Label `introduction' multiply defined.

) (./chapters/chapter5.aux

LaTeX Warning: Label `introduction' multiply defined.

))
\openout1 = `dissertation.aux'.

LaTeX Font Info:    Checking defaults for OML/cmm/m/it on input line 7.
LaTeX Font Info:    ... okay on input line 7.
LaTeX Font Info:    Checking defaults for T1/cmr/m/n on input line 7.
LaTeX Font Info:    ... okay on input line 7.
LaTeX Font Info:    Checking defaults for OT1/cmr/m/n on input line 7.
LaTeX Font Info:    ... okay on input line 7.
LaTeX Font Info:    Checking defaults for OMS/cmsy/m/n on input line 7.
LaTeX Font Info:    ... okay on input line 7.
LaTeX Font Info:    Checking defaults for OMX/cmex/m/n on input line 7.
LaTeX Font Info:    ... okay on input line 7.
LaTeX Font Info:    Checking defaults for U/cmr/m/n on input line 7.
LaTeX Font Info:    ... okay on input line 7.
LaTeX Font Info:    Checking defaults for PD1/pdf/m/n on input line 7.
LaTeX Font Info:    ... okay on input line 7.
LaTeX Font Info:    Checking defaults for PU/pdf/m/n on input line 7.
LaTeX Font Info:    ... okay on input line 7.
LaTeX Font Info:    Checking defaults for EU1/lmr/m/n on input line 7.
LaTeX Font Info:    ... okay on input line 7.
LaTeX Font Info:    Checking defaults for T3/cmr/m/n on input line 7.
LaTeX Font Info:    Try loading font information for T3+cmr on input line 7.
 (/usr/local/texlive/2016/texmf-dist/tex/latex/tipa/t3cmr.fd
File: t3cmr.fd 2001/12/31 TIPA font definitions
)
LaTeX Font Info:    ... okay on input line 7.

*geometry* driver: auto-detecting
*geometry* detected driver: xetex
*geometry* verbose mode - [ preamble ] result:
* driver: xetex
* paper: letterpaper
* layout: <same size as paper>
* layoutoffset:(h,v)=(0.0pt,0.0pt)
* modes: includehead includefoot 
* h-part:(L,W,R)=(99.37125pt, 415.55249pt, 99.37126pt)
* v-part:(T,H,B)=(72.26999pt, 650.43001pt, 72.26999pt)
* \paperwidth=614.295pt
* \paperheight=794.96999pt
* \textwidth=415.55249pt
* \textheight=588.55621pt
* \oddsidemargin=27.10126pt
* \evensidemargin=27.10126pt
* \topmargin=0.0pt
* \headheight=5.0pt
* \headsep=19.8738pt
* \topskip=12.0pt
* \footskip=30.0pt
* \marginparwidth=47.0pt
* \marginparsep=7.0pt
* \columnsep=10.0pt
* \skip\footins=10.8pt plus 4.0pt minus 2.0pt
* \hoffset=0.0pt
* \voffset=0.0pt
* \mag=1000
* \@twocolumnfalse
* \@twosidefalse
* \@mparswitchfalse
* \@reversemarginfalse
* (1in=72.27pt=25.4mm, 1cm=28.453pt)

ABD: EverySelectfont initializing macros
LaTeX Info: Redefining \selectfont on input line 7.
Package caption Info: Begin \AtBeginDocument code.
Package caption Info: subfig package v1.3 is loaded.
Package caption Info: hyperref package is loaded.
Package caption Info: wrapfig package is loaded.
Package caption Info: End \AtBeginDocument code.
 ABD: EveryShipout initializing macros
\AtBeginShipoutBox=\box82
Package hyperref Info: Link coloring ON on input line 7.

(/usr/local/texlive/2016/texmf-dist/tex/latex/hyperref/nameref.sty
Package: nameref 2012/10/27 v2.43 Cross-referencing by name of section

(/usr/local/texlive/2016/texmf-dist/tex/generic/oberdiek/gettitlestring.sty
Package: gettitlestring 2016/05/16 v1.5 Cleanup title references (HO)
)
\c@section@level=\count273
)
LaTeX Info: Redefining \ref on input line 7.
LaTeX Info: Redefining \pageref on input line 7.
LaTeX Info: Redefining \nameref on input line 7.

(./dissertation.out) (./dissertation.out)
\@outlinefile=\write4
\openout4 = `dissertation.out'.

LaTeX Info: Redefining \microtypecontext on input line 7.
Package microtype Info: Character protrusion enabled (level 2).
Package microtype Info: Using default protrusion set `alltext'.
Package microtype Info: No adjustment of tracking.
Package microtype Info: No adjustment of spacing.
Package microtype Info: No adjustment of kerning.

(/usr/local/texlive/2016/texmf-dist/tex/latex/ebgaramond/mt-EBGaramond.cfg
File: mt-EBGaramond.cfg 2013/05/22 v1.1 microtype config. file: EB Garamond
)
(./frontmatter/personalize.tex) (./frontmatter/personalize.tex)
LaTeX Font Info:    Font shape `EU1/EBGaramond(1)/m/n' will be
(Font)              scaled to size 24.88pt on input line 13.
LaTeX Font Info:    Font shape `EU1/EBGaramond(1)/m/sc' will be
(Font)              scaled to size 12.0pt on input line 13.

(/usr/local/texlive/2016/texmf-dist/tex/generic/oberdiek/se-ascii-print.def
File: se-ascii-print.def 2016/05/16 v1.11 stringenc: Printable ASCII characters

)
[1

]
LaTeX Font Info:    Font shape `EU1/EBGaramond(1)/m/sc' will be
(Font)              scaled to size 10.95pt on input line 13.
LaTeX Font Info:    Font shape `EU1/EBGaramond(1)/m/n' will be
(Font)              scaled to size 10.95pt on input line 13.
 [2]
LaTeX Font Info:    Font shape `EU1/EBGaramond(1)/m/n' will be
(Font)              scaled to size 17.28pt on input line 13.
 (./frontmatter/abstract.tex)

Package Fancyhdr Warning: \headheight is too small (5.0pt): 
 Make it at least 14.49998pt.
 We now make it that large for the rest of the document.
 This may cause the page layout to be inconsistent, however.

[3]

LaTeX Font Warning: Font shape `EU1/EBGaramond(1)/bx/n' undefined
(Font)              using `EU1/EBGaramond(1)/m/n' instead on input line 13.

(./dissertation.toc
LaTeX Font Info:    Font shape `EU1/EBGaramond(1)/bx/n' will be
(Font)              scaled to size 10.95pt on input line 1.

(/usr/local/texlive/2016/texmf-dist/tex/latex/microtype/mt-cmr.cfg
File: mt-cmr.cfg 2013/05/19 v2.2 microtype config. file: Computer Modern Roman 
(RS)
)
LaTeX Font Info:    Try loading font information for U+msa on input line 1.

(/usr/local/texlive/2016/texmf-dist/tex/latex/amsfonts/umsa.fd
File: umsa.fd 2013/01/14 v3.01 AMS symbols A
)
(/usr/local/texlive/2016/texmf-dist/tex/latex/microtype/mt-msa.cfg
File: mt-msa.cfg 2006/02/04 v1.1 microtype config. file: AMS symbols (a) (RS)
)
LaTeX Font Info:    Try loading font information for U+msb on input line 1.

(/usr/local/texlive/2016/texmf-dist/tex/latex/amsfonts/umsb.fd
File: umsb.fd 2013/01/14 v3.01 AMS symbols B
)
(/usr/local/texlive/2016/texmf-dist/tex/latex/microtype/mt-msb.cfg
File: mt-msb.cfg 2005/06/01 v1.0 microtype config. file: AMS symbols (b) (RS)
)
Package microtype Info: Loading generic settings for font family
(microtype)             `TimesNewRoman' (encoding: EU1).
(microtype)             For optimal results, create family-specific settings.
(microtype)             See the microtype manual for details.
Package microtype Info: Character `' is missing
(microtype)             in font `\EU1/EBGaramond(0)/m/n/8'.
(microtype)             Ignoring protrusion settings for this character.
Package microtype Info: Character `' is missing
(microtype)             in font `\EU1/EBGaramond(0)/m/n/8'.
(microtype)             Ignoring protrusion settings for this character.
Package microtype Info: Character `' is missing
(microtype)             in font `\EU1/EBGaramond(0)/m/n/8'.
(microtype)             Ignoring protrusion settings for this character.
Package microtype Info: Character `' is missing
(microtype)             in font `\EU1/EBGaramond(0)/m/n/8'.
(microtype)             Ignoring protrusion settings for this character.
Package microtype Info: Character `' is missing
(microtype)             in font `\EU1/EBGaramond(0)/m/n/6'.
(microtype)             Ignoring protrusion settings for this character.
Package microtype Info: Character `' is missing
(microtype)             in font `\EU1/EBGaramond(0)/m/n/6'.
(microtype)             Ignoring protrusion settings for this character.
Package microtype Info: Character `' is missing
(microtype)             in font `\EU1/EBGaramond(0)/m/n/6'.
(microtype)             Ignoring protrusion settings for this character.
Package microtype Info: Character `' is missing
(microtype)             in font `\EU1/EBGaramond(0)/m/n/6'.
(microtype)             Ignoring protrusion settings for this character.
 [4])
\tf@toc=\write5
\openout5 = `dissertation.toc'.


[5] (./frontmatter/dedication.tex) [6

]
LaTeX Font Info:    Try loading font information for T1+ppl on input line 13.

(/usr/local/texlive/2016/texmf-dist/tex/latex/psnfss/t1ppl.fd
File: t1ppl.fd 2001/06/04 font definitions for T1/ppl.
)
(/usr/local/texlive/2016/texmf-dist/tex/latex/microtype/mt-ppl.cfg
File: mt-ppl.cfg 2005/11/16 v1.6 microtype config. file: Palatino (RS)
)
(./frontmatter/thanks.tex) [7


]
\openout2 = `chapters/introduction.aux'.

 (./chapters/introduction.tex
Chapter 1.
) [1


]
\openout2 = `chapters/chapter1.aux'.

 (./chapters/chapter1.tex
Chapter 2.
LaTeX Font Info:    Font shape `EU1/EBGaramond(1)/m/it' will be
(Font)              scaled to size 10.95pt on input line 31.
LaTeX Font Info:    Font shape `EU1/EBGaramond(1)/m/n' will be
(Font)              scaled to size 8.0pt on input line 35.
Package microtype Info: Character `' is missing
(microtype)             in font `\EU1/EBGaramond(1)/m/n/8'.
(microtype)             Ignoring protrusion settings for this character.
Package microtype Info: Character `' is missing
(microtype)             in font `\EU1/EBGaramond(1)/m/n/8'.
(microtype)             Ignoring protrusion settings for this character.
Package microtype Info: Character `' is missing
(microtype)             in font `\EU1/EBGaramond(1)/m/n/8'.
(microtype)             Ignoring protrusion settings for this character.
Package microtype Info: Character `' is missing
(microtype)             in font `\EU1/EBGaramond(1)/m/n/8'.
(microtype)             Ignoring protrusion settings for this character.
[2



]
LaTeX Font Info:    Font shape `EU1/EBGaramond(1)/m/n' will be
(Font)              scaled to size 10.0pt on input line 41.
Package microtype Info: Character `' is missing
(microtype)             in font `\EU1/EBGaramond(0)/m/n/7'.
(microtype)             Ignoring protrusion settings for this character.
Package microtype Info: Character `' is missing
(microtype)             in font `\EU1/EBGaramond(0)/m/n/7'.
(microtype)             Ignoring protrusion settings for this character.
Package microtype Info: Character `' is missing
(microtype)             in font `\EU1/EBGaramond(0)/m/n/7'.
(microtype)             Ignoring protrusion settings for this character.
Package microtype Info: Character `' is missing
(microtype)             in font `\EU1/EBGaramond(0)/m/n/7'.
(microtype)             Ignoring protrusion settings for this character.
Package microtype Info: Character `' is missing
(microtype)             in font `\EU1/EBGaramond(0)/m/n/5'.
(microtype)             Ignoring protrusion settings for this character.
Package microtype Info: Character `' is missing
(microtype)             in font `\EU1/EBGaramond(0)/m/n/5'.
(microtype)             Ignoring protrusion settings for this character.
Package microtype Info: Character `' is missing
(microtype)             in font `\EU1/EBGaramond(0)/m/n/5'.
(microtype)             Ignoring protrusion settings for this character.
Package microtype Info: Character `' is missing
(microtype)             in font `\EU1/EBGaramond(0)/m/n/5'.
(microtype)             Ignoring protrusion settings for this character.
LaTeX Font Info:    Font shape `EU1/EBGaramond(1)/m/n' will be
(Font)              scaled to size 7.0pt on input line 41.
Package microtype Info: Character `' is missing
(microtype)             in font `\EU1/EBGaramond(1)/m/n/7'.
(microtype)             Ignoring protrusion settings for this character.
Package microtype Info: Character `' is missing
(microtype)             in font `\EU1/EBGaramond(1)/m/n/7'.
(microtype)             Ignoring protrusion settings for this character.
Package microtype Info: Character `' is missing
(microtype)             in font `\EU1/EBGaramond(1)/m/n/7'.
(microtype)             Ignoring protrusion settings for this character.
Package microtype Info: Character `' is missing
(microtype)             in font `\EU1/EBGaramond(1)/m/n/7'.
(microtype)             Ignoring protrusion settings for this character.

Overfull \hbox (17.42793pt too wide) in paragraph at lines 40--42
\EU1/EBGaramond(1)/bx/n/10.95 they cannot generate them all and instead generat
e only a subset, leading to judgment biases$[]$.
 []

LaTeX Font Info:    Font shape `EU1/EBGaramond(1)/bx/n' will be
(Font)              scaled to size 12.0pt on input line 45.
LaTeX Font Info:    Font shape `EU1/Helvetica(0)/bx/n' will be
(Font)              scaled to size 9.27887pt on input line 45.
Package microtype Info: Loading generic settings for font family
(microtype)             `Helvetica' (encoding: EU1).
(microtype)             For optimal results, create family-specific settings.
(microtype)             See the microtype manual for details.
LaTeX Font Info:    Font shape `EU1/Helvetica(0)/bx/n' will be
(Font)              scaled to size 7.73239pt on input line 45.
LaTeX Font Info:    Font shape `EU1/Helvetica(0)/m/n' will be
(Font)              scaled to size 9.44348pt on input line 45.
LaTeX Font Info:    Font shape `EU1/Helvetica(0)/m/n' will be
(Font)              scaled to size 7.86957pt on input line 45.
.................................................
. fontspec info: "no-font-shape"
. 
. Could not resolve font EB Garamond/B (it probably doesn't exist).
.................................................
.................................................
. fontspec info: "defining-font"
. 
. Font family 'EBGaramond(3)' created for font 'EB Garamond' with options
. [Ligatures=TeX,Numbers=OldStyle,Ligatures={Common,
. TeX},Scale=1.0,RawFeature=+tnum].
. 
. This font family consists of the following NFSS series/shapes:
. - 'normal' (m/n) with NFSS spec.: <->s*[1.0]"EB
. Garamond/OT:script=latn;language=DFLT;mapping=tex-text;+onum;+liga;mapping=te
x-text;+tnum;"
. - 'small caps'  (m/sc) with NFSS spec.: <->s*[1.0]"EB
. Garamond/OT:script=latn;language=DFLT;mapping=tex-text;+onum;+liga;mapping=te
x-text;+tnum;+smcp;"-
. 'italic' (m/it) with NFSS spec.: <->s*[1.0]"EB
. Garamond/I/OT:script=latn;language=DFLT;mapping=tex-text;+onum;+liga;mapping=
tex-text;+tnum;"
. - 'italic small caps'  (m/itsc) with NFSS spec.: <->s*[1.0]"EB
. Garamond/I/OT:script=latn;language=DFLT;mapping=tex-text;+onum;+liga;mapping=
tex-text;+tnum;+smcp;"-
. 'bold italic' (bx/it) with NFSS spec.: <->s*[1.0]"EB
. Garamond/BI/OT:script=latn;language=DFLT;mapping=tex-text;+onum;+liga;mapping
=tex-text;+tnum;"
. - 'bold italic small caps'  (bx/itsc) with NFSS spec.: <->s*[1.0]"EB
. Garamond/BI/OT:script=latn;language=DFLT;mapping=tex-text;+onum;+liga;mapping
=tex-text;+tnum;+smcp;"
.................................................
LaTeX Font Info:    Font shape `EU1/EBGaramond(3)/m/n' will be
(Font)              scaled to size 12.0pt on input line 47.

LaTeX Font Warning: Font shape `EU1/EBGaramond(3)/bx/n' undefined
(Font)              using `EU1/EBGaramond(3)/m/n' instead on input line 49.

LaTeX Font Info:    Font shape `EU1/EBGaramond(3)/bx/n' will be
(Font)              scaled to size 12.0pt on input line 49.
LaTeX Font Info:    Font shape `EU1/EBGaramond(3)/m/n' will be
(Font)              scaled to size 8.0pt on input line 51.
Package microtype Info: Character `' is missing
(microtype)             in font `\EU1/EBGaramond(3)/m/n/8'.
(microtype)             Ignoring protrusion settings for this character.
Package microtype Info: Character `' is missing
(microtype)             in font `\EU1/EBGaramond(3)/m/n/8'.
(microtype)             Ignoring protrusion settings for this character.
Package microtype Info: Character `' is missing
(microtype)             in font `\EU1/EBGaramond(3)/m/n/8'.
(microtype)             Ignoring protrusion settings for this character.
Package microtype Info: Character `' is missing
(microtype)             in font `\EU1/EBGaramond(3)/m/n/8'.
(microtype)             Ignoring protrusion settings for this character.
[3] [4] [5]
Overfull \hbox (23.64148pt too wide) in paragraph at lines 79--81
\EU1/EBGaramond(1)/bx/n/10.95 some distribution $[][]\OT1/cmr/m/n/10.95 ([])$\E
U1/EBGaramond(1)/bx/n/10.95 .[][][][][][] When $[][]\OT1/cmr/m/n/10.95 ([]) = [
]([]\OMS/cmsy/m/n/10.95 j[]\OT1/cmr/m/n/10.95 )$\EU1/EBGaramond(1)/bx/n/10.95 ,
 this approximation is unbiased, meaning $\U/msb/m/n/10.95 E\OT1/cmr/m/n/10.95 
[[]([]\OMS/cmsy/m/n/10.95 j[]\OT1/cmr/m/n/10.95 )] =
 []

[6] [7] [8] [9] [10]
LaTeX Font Info:    Font shape `EU1/EBGaramond(3)/m/n' will be
(Font)              scaled to size 10.95pt on input line 133.
LaTeX Font Info:    Font shape `EU1/EBGaramond(3)/m/it' will be
(Font)              scaled to size 10.95pt on input line 133.
LaTeX Font Info:    Font shape `EU1/EBGaramond(1)/m/n' will be
(Font)              scaled to size 6.0pt on input line 133.
Package microtype Info: Character `' is missing
(microtype)             in font `\EU1/EBGaramond(1)/m/n/6'.
(microtype)             Ignoring protrusion settings for this character.
Package microtype Info: Character `' is missing
(microtype)             in font `\EU1/EBGaramond(1)/m/n/6'.
(microtype)             Ignoring protrusion settings for this character.
Package microtype Info: Character `' is missing
(microtype)             in font `\EU1/EBGaramond(1)/m/n/6'.
(microtype)             Ignoring protrusion settings for this character.
Package microtype Info: Character `' is missing
(microtype)             in font `\EU1/EBGaramond(1)/m/n/6'.
(microtype)             Ignoring protrusion settings for this character.

Underfull \hbox (badness 10000) in paragraph at lines 148--148
[]|\EU1/EBGaramond(3)/bx/n/12 lung
 []


Underfull \hbox (badness 10000) in paragraph at lines 148--148
[]|\EU1/EBGaramond(3)/bx/n/12 resp.
 []


Overfull \hbox (2.79669pt too wide) in paragraph at lines 148--148
[]|\EU1/EBGaramond(3)/bx/n/12 cold| 
 []


Underfull \hbox (badness 10000) in paragraph at lines 148--148
[]|\EU1/EBGaramond(3)/bx/n/12 gastro-
 []


Overfull \hbox (3.70305pt too wide) in paragraph at lines 148--148
\EU1/EBGaramond(3)/bx/n/12 enteritis| 
 []


Overfull \hbox (5.16705pt too wide) in paragraph at lines 148--148
[]|\EU1/EBGaramond(3)/bx/n/12 stomach
 []


Overfull \hbox (5.16705pt too wide) in paragraph at lines 148--148
[]|\EU1/EBGaramond(3)/bx/n/12 stomach
 []


Overfull \hbox (2.88069pt too wide) in paragraph at lines 148--149
[]|\EU1/EBGaramond(3)/bx/n/12 base| 
 []


Overfull \hbox (3.24069pt too wide) in paragraph at lines 150--150
[]|\EU1/EBGaramond(3)/bx/n/12 0.05| 
 []


Overfull \hbox (3.24069pt too wide) in paragraph at lines 152--154
[]|\EU1/EBGaramond(3)/bx/n/12 0.01| 
 []


Overfull \hbox (3.24069pt too wide) in paragraph at lines 154--156
[]|\EU1/EBGaramond(3)/bx/n/12 0.01| 
 []


Overfull \hbox (3.24069pt too wide) in paragraph at lines 156--158
[]|\EU1/EBGaramond(3)/bx/n/12 0.01| 
 []


Overfull \hbox (3.24069pt too wide) in paragraph at lines 158--160
[]|\EU1/EBGaramond(3)/bx/n/12 0.01| 
 []


Overfull \hbox (3.24069pt too wide) in paragraph at lines 160--162
[]|\EU1/EBGaramond(3)/bx/n/12 0.01| 
 []


Overfull \hbox (3.24069pt too wide) in paragraph at lines 162--164
[]|\EU1/EBGaramond(3)/bx/n/12 0.01| 
 []


Overfull \hbox (3.24069pt too wide) in paragraph at lines 164--166
[]|\EU1/EBGaramond(3)/bx/n/12 0.01| 
 []


Overfull \hbox (3.24069pt too wide) in paragraph at lines 166--168
[]|\EU1/EBGaramond(3)/bx/n/12 0.01| 
 []


Overfull \hbox (11.95857pt too wide) in paragraph at lines 143--170
 [] 
 []

[11] [12]
File: figures/sub.pdf Graphic file (type QTm)
 <use  "figures/sub.pdf" >
LaTeX Font Info:    Font shape `EU1/Helvetica(0)/m/it' will be
(Font)              scaled to size 7.86957pt on input line 193.
 [13] [14] [15]
File: figures/super.pdf Graphic file (type QTm)
 <use  "figures/super.pdf" >
[16]
File: figures/weak.pdf Graphic file (type QTm)
 <use  "figures/weak.pdf" > [17] [18]
File: figures/dud.pdf Graphic file (type QTm)
 <use  "figures/dud.pdf" > [19]
[20]
File: figures/confidence.pdf Graphic file (type QTm)
 <use  "figures/confidence.pdf" > [21]
Overfull \hbox (3.35028pt too wide) in paragraph at lines 280--281
[]\EU1/EBGaramond(1)/bx/n/10.95 Lieder et al.$[]$$[]$$[]$ showed that the ancho
ring and adjustment heuristic is a basic consequence of MCMC
 []

[22]
File: figures/anchoring.pdf Graphic file (type QTm)
 <use  "figures/anchoring.pdf" > [23]
File: figures/error.pdf Graphic file (type QTm)
 <use  "figures/error.pdf" > [24]
[25] [26]
Overfull \hbox (6.7148pt too wide) in paragraph at lines 322--323
[]\EU1/EBGaramond(1)/bx/n/10.95 The self-generation effect can to some extent b
e reproduced by importance sampling because prompt-
 []

[27] [28]
Overfull \hbox (4.85332pt too wide) in paragraph at lines 346--347
[]\EU1/EBGaramond(1)/bx/n/10.95 Due to the relative complexity of this domain (
compared to the simplified fictitious disease-symptom
 []

[29] [30] [31]
Overfull \hbox (7.01782pt too wide) in paragraph at lines 400--401
[]\EU1/EBGaramond(1)/bx/n/10.95 On every trial, participants first saw the cue 
object, followed by a hypothesis (either packed, unpacked-
 []

File: figures/screenshot.png Graphic file (type QTm)
<use  "figures/screenshot.png" > [32]
File: figures/estimates.pdf Graphic file (type QTm)
 <use  "figures/estimates.pdf" > [33]
Overfull \hbox (35.06151pt too wide) in paragraph at lines 446--455
 [] 
 []

[34] [35]
File: figures/estimate2new.pdf Graphic file (type QTm)
 <use  "figures/estimate2new.pdf" > [36]
Overfull \hbox (1.92233pt too wide) in paragraph at lines 483--484
[]\EU1/EBGaramond(1)/bx/n/10.95 Prior studies suggest thatwhen averaged over l
ong time periods or across individualsprobability
 []

[37]
Underfull \hbox (badness 10000) in paragraph at lines 497--497
[]|\EU1/EBGaramond(3)/bx/n/12 Importance
 []


Underfull \hbox (badness 10000) in paragraph at lines 497--497
[]|\EU1/EBGaramond(3)/bx/n/12 Global proposal
 []


Underfull \hbox (badness 10000) in paragraph at lines 497--499
[]|\EU1/EBGaramond(3)/bx/n/12 Local proposal
 []

[38] [39]) [40]
\openout2 = `chapters/chapter2.aux'.

 (./chapters/chapter2.tex
Chapter 3.

Overfull \hbox (6.83644pt too wide) in paragraph at lines 9--10
\EU1/EBGaramond(1)/bx/n/10.95 Many theories of probabilistic reasoning assume t
hat human brains are equipped with a general-purpose
 []


Overfull \hbox (55.28891pt too wide) in paragraph at lines 16--17
\EU1/EBGaramond(1)/bx/n/10.95 though many theories posit some form of approxima
te inference using Monte Carlo sampling e.g.,$[]$.
 []

[41



]
LaTeX Font Info:    Font shape `EU1/EBGaramond(1)/m/it' will be
(Font)              scaled to size 10.0pt on input line 26.
 [42]
Overfull \hbox (4.57169pt too wide) in paragraph at lines 30--31
[]\EU1/EBGaramond(1)/bx/n/10.95 Amortization has a long history in machine lear
ning; the \EU1/EBGaramond(1)/m/it/10.95 locus classicus \EU1/EBGaramond(1)/bx/n
/10.95 is the Helmholtz machine$[]$,
 []

[43] [44] [45] [46]
File: figures/Remembrance_figs_2.pdf Graphic file (type QTm)
 <use  "figures/Remembrance_figs_2.pdf" >
LaTeX Font Info:    Font shape `EU1/EBGaramond(1)/bx/n' will be
(Font)              scaled to size 10.0pt on input line 90.
File: figures/Remembrance_figs_3.pdf Graphic file (type QTm)

<use  "figures/Remembrance_figs_3.pdf" >
File: figures/Remembrance_figs_4.pdf Graphic file (type QTm)

<use  "figures/Remembrance_figs_4.pdf" >
File: figures/Remembrance_figs_5.pdf Graphic file (type QTm)

<use  "figures/Remembrance_figs_5.pdf" > [47] [48] [49]
File: figures/amortization_schematic.pdf Graphic file (type QTm)

<use  "figures/amortization_schematic.pdf" >
LaTeX Font Info:    Font shape `EU1/EBGaramond(3)/m/n' will be
(Font)              scaled to size 10.0pt on input line 127.
LaTeX Font Info:    Font shape `EU1/EBGaramond(3)/m/it' will be
(Font)              scaled to size 10.0pt on input line 127.
LaTeX Font Info:    Font shape `EU1/Helvetica(0)/m/n' will be
(Font)              scaled to size 5.5087pt on input line 127.
LaTeX Font Info:    Font shape `EU1/Helvetica(0)/m/n' will be
(Font)              scaled to size 3.93478pt on input line 127.
 [50] [51]
File: figures/changingN.pdf Graphic file (type QTm)

<use  "figures/changingN.pdf" > [52] [53] [54]
File: figures/screenshot.png Graphic file (type QTm)

<use  "figures/screenshot.png" > [55]
Overfull \hbox (6.75421pt too wide) in paragraph at lines 209--209
[]|\EU1/EBGaramond(3)/bx/n/12 Telephone| 
 []

[56]
Overfull \hbox (1.20345pt too wide) in paragraph at lines 232--234
[]\EU1/EBGaramond(1)/bx/n/10.95 Additionally, we found evidence that participan
ts reused calculations from $\OMS/cmsy/m/n/10.95 Q[]$ \EU1/EBGaramond(1)/bx/n/1
0.95 for $\OMS/cmsy/m/n/10.95 Q[]$\EU1/EBGaramond(1)/bx/n/10.95 : even though
 []

[57]
File: figures/amo1results.pdf Graphic file (type QTm)
 <use  "figures/amo1results.pdf" > [58] [59]
File: figures/exp1correspondence.pdf Graphic file (type QTm)

<use  "figures/exp1correspondence.pdf" > [60] [61]
Underfull \hbox (badness 10000) in paragraph at lines 283--284
[]|$\OMS/cmsy/m/n/12 Q[]$ \EU1/EBGaramond(1)/bx/n/12 No
 []


Overfull \hbox (6.75421pt too wide) in paragraph at lines 287--287
[]|\EU1/EBGaramond(3)/bx/n/12 Telephone| 
 []

[62]
File: figures/amo2results.pdf Graphic file (type QTm)
 <use  "figures/amo2results.pdf" > [63] [64] [65]
File: figures/exp2correspondence.pdf Graphic file (type QTm)

<use  "figures/exp2correspondence.pdf" > [66] [67]
Underfull \hbox (badness 10000) in paragraph at lines 359--359
[]|\EU1/EBGaramond(1)/bx/n/12 Cue2-sim
 []


Underfull \hbox (badness 10000) in paragraph at lines 359--360
[]|\EU1/EBGaramond(1)/bx/n/12 Cue2-diff
 []


Underfull \hbox (badness 10000) in paragraph at lines 362--362
[]|\EU1/EBGaramond(3)/bx/n/12 Curtain
 []


Underfull \hbox (badness 10000) in paragraph at lines 362--363
[]|\EU1/EBGaramond(3)/bx/n/12 Car
 []


Underfull \hbox (badness 10000) in paragraph at lines 364--364
[]|\EU1/EBGaramond(3)/bx/n/12 Book
 []


Underfull \hbox (badness 10000) in paragraph at lines 364--365
[]|\EU1/EBGaramond(3)/bx/n/12 Road
 []


Underfull \hbox (badness 10000) in paragraph at lines 366--366
[]|\EU1/EBGaramond(3)/bx/n/12 Counter
 []


Underfull \hbox (badness 10000) in paragraph at lines 366--367
[]|\EU1/EBGaramond(3)/bx/n/12 Sidewalk
 []

[68] [69]
File: figures/amo3results.pdf Graphic file (type QTm)
 <use  "figures/amo3results.pdf" > [70]
File: figures/exp3correspondence.pdf Graphic file (type QTm)

<use  "figures/exp3correspondence.pdf" >
Overfull \hbox (1.662pt too wide) in paragraph at lines 404--406
\EU1/EBGaramond(1)/bx/n/10.95 for atypically-unpacked $\OMS/cmsy/m/n/10.95 Q[]$
 \EU1/EBGaramond(1)/bx/n/10.95 were significant. This indicates that the answer
s to the atypically-unpacked
 []

[71] [72] [73] [74] [75] [76]) [77] [78]
\openout2 = `chapters/chapter3.aux'.

 (./chapters/chapter3.tex
Chapter 4.
[79



] [80] [81]
Overfull \hbox (11.95667pt too wide) in paragraph at lines 35--36
[]\EU1/EBGaramond(1)/bx/n/10.95 The earliest studies of probabilistic belief up
dating, carried out by Ward Edwards and his students$[]$,
 []

[82] [83] [84] [85] [86] [87]
Overfull \hbox (3.55025pt too wide) in paragraph at lines 84--85
[]\EU1/EBGaramond(1)/bx/n/10.95 In summary, the literature on probabilistic bel
ief updating has produced evidence for under-reaction
 []

[88] [89] [90]
File: Figures/memoryless0.png Graphic file (type QTm)
 <use  "Figures/memoryless0.png" >
File: Figures/amortized0.png Graphic file (type QTm)

<use  "Figures/amortized0.png" >
File: Figures/LIM1.png Graphic file (type QTm)
 <use  "Figures/LIM1.png" >
File: Figures/LIM5.png Graphic file (type QTm)

<use  "Figures/LIM5.png" > [91] [92]
File: Figures/all_posts.png Graphic file (type QTm)
 <use  "Figures/all_posts.png" >
File: Figures/all_finalQs.png Graphic file (type QTm)

<use  "Figures/all_finalQs.png" >
File: Figures/all_KLs.png Graphic file (type QTm)
 <use  "Figures/all_KLs.png" > [93] [94]
[95]

LaTeX Warning: Reference `fig:Benj' on page 96 undefined on input line 185.

File: Figures/Benjamin_hor_new.pdf Graphic file (type QTm)
<use  "Figures/Benjamin_hor_new.pdf" >
Overfull \hbox (11.77364pt too wide) in paragraph at lines 202--203
 [][] 
 []

[96]
File: figures/Benjamin_prior.pdf Graphic file (type QTm)
 <use  "figures/Benjamin_prior.pdf" >

LaTeX Warning: Reference `fig:Benj' on page 97 undefined on input line 219.

File: figures/Benjamin_control_hor.pdf Graphic file (type QTm)
<use  "figures/Benjamin_control_hor.pdf" >

LaTeX Warning: Reference `fig:Benj' on page 97 undefined on input line 230.

[97] [98] [99] [100] [101]
File: figures/GT_fulltrain.pdf Graphic file (type QTm)
 <use  "figures/GT_fulltrain.pdf" > [102]
File: figures/GT_rsquare_sample.pdf Graphic file (type QTm)

<use  "figures/GT_rsquare_sample.pdf" >
File: figures/GT_rsquare_stimuli.pdf Graphic file (type QTm)

<use  "figures/GT_rsquare_stimuli.pdf" > [103] [104]
File: figures/urns.png Graphic file (type QTm)

<use  "figures/urns.png" > [105] [106]
File: figures/resulturns.pdf Graphic file (type QTm)
 <use  "figures/resulturns.pdf" >
[107] [108] [109]
File: figures/FC_temp.pdf Graphic file (type QTm)
 <use  "figures/FC_temp.pdf" > [110] [111]

LaTeX Warning: Reference `fig:Benj' on page 112 undefined on input line 365.

[112] [113]
File: figures/samexp.pdf Graphic file (type QTm)
 <use  "figures/samexp.pdf" >
File: figures/samsim.pdf Graphic file (type QTm)
 <use  "figures/samsim.pdf" > [114]

LaTeX Warning: Reference `fig:Benj' on page 115 undefined on input line 392.

[115]
File: figures/cohenetal.pdf Graphic file (type QTm)
 <use  "figures/cohenetal.pdf" > [116] [117]
Underfull \hbox (badness 10000) in paragraph at lines 422--426

 []

[118]
File: figures/amonew.pdf Graphic file (type QTm)
 <use  "figures/amonew.pdf" > [119] [120] [121] [122] [123]
File: figures/correctionprior2.pdf Graphic file (type QTm)

<use  "figures/correctionprior2.pdf" > [124] [125] [126] [127] [128] [129]
[130] [131] [132] [133] [134] [135] [136] [137] [138]
File: figures/samstan.pdf Graphic file (type QTm)

<use  "figures/samstan.pdf" > [139]) [140]
\openout2 = `chapters/chapter4.aux'.

 (./chapters/chapter4.tex
Chapter 5.
[141



] [142] [143] [144] [145] [146]
File: figures/InferSent_arch.png Graphic file (type QTm)
 <use  "figures/InferSent_arch.png" >
[147] [148] [149]
LaTeX Font Info:    Font shape `EU1/SourceCodePro(0)/m/n' will be
(Font)              scaled to size 9.35316pt on input line 77.
Package microtype Info: Loading generic settings for font family
(microtype)             `SourceCodePro' (encoding: EU1).
(microtype)             For optimal results, create family-specific settings.
(microtype)             See the microtype manual for details.
 [150] [151] [152]
File: figures/bow-same-large.png Graphic file (type QTm)
 <use  "figures/bow-same-large.png" >
File: figures/bow-ml-large-5.png Graphic file (type QTm)

<use  "figures/bow-ml-large-5.png" >
File: figures/bow-not-large-5.png Graphic file (type QTm)
 <use  "figures/bow-not-large-5.png" >
File: figures/infersent-same-large-2.png Graphic file (type QTm)

<use  "figures/infersent-same-large-2.png" >
File: figures/infersent-ml-large-2.png Graphic file (type QTm)

<use  "figures/infersent-ml-large-2.png" >
File: figures/infersent-not-large.png Graphic file (type QTm)

<use  "figures/infersent-not-large.png" > [153] [154] [155]
Overfull \hbox (16.56363pt too wide) in paragraph at lines 219--221
\EU1/SourceCodePro(0)/m/n/10.95 Premise: A man in a white t-shirt takes a pictu
re in the middle of the street
 []


Underfull \hbox (badness 10000) in paragraph at lines 219--221

 []

[156]
Overfull \hbox (12.82004pt too wide) in paragraph at lines 240--241
\EU1/EBGaramond(1)/bx/n/10.95 wards those learned in similar high-overlap setti
ngs during training. We checked the statistics of antonymy
 []

[157]
Overfull \hbox (5.33987pt too wide) in paragraph at lines 263--265
\EU1/SourceCodePro(0)/m/n/10.95 Premise: Men turn to the camera to smile on the
 middle of three long tables
 []


Underfull \hbox (badness 10000) in paragraph at lines 263--265

 []

[158] [159] [160] [161] [162] [163] [164] [165] [166] [167] [168] [169]
[170] [171] [172]) [173]
\openout2 = `chapters/chapter5.aux'.

 (./chapters/chapter5.tex
Chapter 6.
[174



] [175] [176] [177]
Overfull \hbox (52.26349pt too wide) in paragraph at lines 70--71
[]\EU1/EBGaramond(1)/bx/n/10.95 Causal relationships among random variables can
 be expressed using \EU1/EBGaramond(1)/m/it/10.95 causal Bayesian networks \EU1
/EBGaramond(1)/bx/n/10.95 (CBNs $\OMS/cmsy/m/n/10.95 G$\EU1/EBGaramond(1)/bx/n/
10.95 )$[]$.
 []

[178] [179] [180] [181] [182] [183]
Overfull \hbox (3.72375pt too wide) in paragraph at lines 154--156
[]\EU1/EBGaramond(1)/bx/n/10.95 Associative Baseline: This baseline receives th
e true joint distribution $[]\OT1/cmr/m/n/10.95 ([][])$ \EU1/EBGaramond(1)/bx/n
/10.95 implied by the CBN in
 []

File: figures/fig2_conf_unconf_pars_act_pass_combined.pdf Graphic file (type QT
m)
<use  "figures/fig2_conf_unconf_pars_act_pass_combined.pdf" >
Overfull \hbox (12.46608pt too wide) in paragraph at lines 162--164
 [][] 
 []

File: figures/fig_expt1.pdf Graphic file (type QTm)
<use  "figures/fig_expt1.pdf" > [184] [185]

LaTeX Warning: Reference `fig:expt1_conf' on page 186 undefined on input line 2
05.

File: figures/fig_expt2.pdf Graphic file (type QTm)
<use  "figures/fig_expt2.pdf" > [186]
File: figures/fig_causal_act_v_pass.pdf Graphic file (type QTm)

<use  "figures/fig_causal_act_v_pass.pdf" >
Overfull \hbox (12.46606pt too wide) in paragraph at lines 231--233
 [][] 
 []

[187] [188] [189]
LaTeX Font Info:    Font shape `EU1/EBGaramond(1)/bx/n' will be
(Font)              scaled to size 17.28pt on input line 271.
 [190] [191]
Underfull \hbox (badness 10000) in paragraph at lines 293--298

 []

[192]
Overfull \hbox (5.52243pt too wide) in paragraph at lines 335--336
\EU1/EBGaramond(1)/bx/n/10.95 eration, a Bayesian network expresses both causal
 and statistical relationships among random variables
 []

[193]
LaTeX Font Info:    Font shape `EU1/EBGaramond(1)/m/n' will be
(Font)              scaled to size 5.0pt on input line 396.
Package microtype Info: Character `' is missing
(microtype)             in font `\EU1/EBGaramond(1)/m/n/5'.
(microtype)             Ignoring protrusion settings for this character.
Package microtype Info: Character `' is missing
(microtype)             in font `\EU1/EBGaramond(1)/m/n/5'.
(microtype)             Ignoring protrusion settings for this character.
Package microtype Info: Character `' is missing
(microtype)             in font `\EU1/EBGaramond(1)/m/n/5'.
(microtype)             Ignoring protrusion settings for this character.
Package microtype Info: Character `' is missing
(microtype)             in font `\EU1/EBGaramond(1)/m/n/5'.
(microtype)             Ignoring protrusion settings for this character.
 [194] [195] [196]
File: figures/fig_expt3.pdf Graphic file (type QTm)
 <use  "figures/fig_expt3.pdf" > [197]
File: figures/fig_counterfactual_act_v_pass.pdf Graphic file (type QTm)

<use  "figures/fig_counterfactual_act_v_pass.pdf" >
Underfull \hbox (badness 1742) in paragraph at lines 466--466
[]\EU1/Helvetica(0)/bx/n/10 Figure 6.8: |\EU1/Helvetica(0)/m/n/10 Active and Ra
ndom
 []

[198]
Underfull \hbox (badness 1776) in paragraph at lines 470--471
\EU1/EBGaramond(1)/bx/n/10.95 the cases where the maximum values are distinct, 
however the
 []

File: figures/Nonlinear_results.pdf Graphic file (type QTm)
<use  "figures/Nonlinear_results.pdf" > [199]
File: figures/N6_results_active.pdf Graphic file (type QTm)

<use  "figures/N6_results_active.pdf" >) [200] (./dissertation.bbl [201



]
[202] [203] [204] [205] [206] [207] [208] [209] [210] [211] [212] [213]
[214] [215] [216] [217] [218] [219] [220] [221] [222] [223] [224] [225]
[226] [227] [228] [229] [230]) [231]
Package atveryend Info: Empty hook `BeforeClearDocument' on input line 45.
Package atveryend Info: Empty hook `AfterLastShipout' on input line 45.
 (./dissertation.aux
(./chapters/introduction.aux) (./chapters/chapter1.aux)
(./chapters/chapter2.aux) (./chapters/chapter3.aux) (./chapters/chapter4.aux)
(./chapters/chapter5.aux))
Package atveryend Info: Empty hook `AtVeryEndDocument' on input line 45.
Package atveryend Info: Empty hook `AtEndAfterFileList' on input line 45.


LaTeX Font Warning: Some font shapes were not available, defaults substituted.


LaTeX Warning: There were undefined references.


LaTeX Warning: There were multiply-defined labels.

 ) 
Here is how much of TeX's memory you used:
 41386 strings out of 493591
 811602 string characters out of 6143546
 892911 words of memory out of 5000000
 43965 multiletter control sequences out of 15000+600000
 14188 words of font info for 126 fonts, out of 8000000 for 9000
 1347 hyphenation exceptions out of 8191
 62i,17n,107p,10478b,1272s stack positions out of 5000i,500n,10000p,200000b,80000s

Output written on dissertation.pdf (238 pages).
