\BOOKMARK [0][-]{Abstract.0}{Abstract}{}% 1
\BOOKMARK [0][-]{Contents.0}{Contents}{}% 2
\BOOKMARK [0][-]{Dedication.0}{Dedication}{}% 3
\BOOKMARK [0][-]{chapter.1}{Introduction}{}% 4
\BOOKMARK [0][-]{chapter.2}{Approximations\040at\040run-time}{}% 5
\BOOKMARK [1][-]{section.2.1}{A\040rational\040process\040model\040of\040hypothesis\040generation}{chapter.2}% 6
\BOOKMARK [1][-]{section.2.2}{Model\040simulations}{chapter.2}% 7
\BOOKMARK [1][-]{section.2.3}{Overview\040of\040experiments}{chapter.2}% 8
\BOOKMARK [1][-]{section.2.4}{Experiment\0401}{chapter.2}% 9
\BOOKMARK [1][-]{section.2.5}{Experiment\0402}{chapter.2}% 10
\BOOKMARK [1][-]{section.2.6}{General\040discussion}{chapter.2}% 11
\BOOKMARK [1][-]{section.2.7}{Future\040work}{chapter.2}% 12
\BOOKMARK [0][-]{chapter.3}{Amortization:\040Re-use\040of\040previous\040solutions}{}% 13
\BOOKMARK [1][-]{section.3.1}{Hypothesis\040generation\040and\040amortization}{chapter.3}% 14
\BOOKMARK [1][-]{section.3.2}{Experiment\0401}{chapter.3}% 15
\BOOKMARK [1][-]{section.3.3}{Experiment\0402}{chapter.3}% 16
\BOOKMARK [1][-]{section.3.4}{Experiment\0403}{chapter.3}% 17
\BOOKMARK [1][-]{section.3.5}{General\040Discussion}{chapter.3}% 18
\BOOKMARK [0][-]{chapter.4}{Amortization\040gives\040rise\040to\040ecologically\040rational\040heuristics}{}% 19
\BOOKMARK [1][-]{section.4.1}{Introduction}{chapter.4}% 20
\BOOKMARK [1][-]{section.4.2}{Under-reaction\040to\040probabilistic\040information}{chapter.4}% 21
\BOOKMARK [1][-]{section.4.3}{Learning\040to\040infer}{chapter.4}% 22
\BOOKMARK [1][-]{section.4.4}{Understanding\040under-reaction}{chapter.4}% 23
\BOOKMARK [1][-]{section.4.5}{Further\040evidence\040for\040amortization:\040belief\040bias\040and\040memory\040effects}{chapter.4}% 24
\BOOKMARK [1][-]{section.4.6}{Amortization\040as\040Regularization}{chapter.4}% 25
\BOOKMARK [1][-]{section.4.7}{General\040Discussion}{chapter.4}% 26
\BOOKMARK [1][-]{section.4.8}{Implementation\040details}{chapter.4}% 27
\BOOKMARK [1][-]{section.4.9}{Ruling\040out\040alternative\040models\040in\040the\040continuous\040domain}{chapter.4}% 28
\BOOKMARK [0][-]{chapter.5}{Heuristics\040in\040machines:\040A\040natural\040language\040case\040study}{}% 29
\BOOKMARK [1][-]{section.5.1}{Introduction}{chapter.5}% 30
\BOOKMARK [1][-]{section.5.2}{Background}{chapter.5}% 31
\BOOKMARK [1][-]{section.5.3}{A\040test\040dataset\040of\040minimal\040cases:\040The\040Comparisons\040dataset}{chapter.5}% 32
\BOOKMARK [1][-]{section.5.4}{Testing\040the\040sentence\040embeddings}{chapter.5}% 33
\BOOKMARK [1][-]{section.5.5}{Augmenting\040the\040learning\040environment}{chapter.5}% 34
\BOOKMARK [1][-]{section.5.6}{Generalization}{chapter.5}% 35
\BOOKMARK [1][-]{section.5.7}{Discussion\040and\040Future\040Work}{chapter.5}% 36
\BOOKMARK [0][-]{chapter.6}{Learning\040amortized\040alorithms\040in\040machines}{}% 37
\BOOKMARK [1][-]{section.6.1}{Introduction}{chapter.6}% 38
\BOOKMARK [1][-]{section.6.2}{Related\040Work}{chapter.6}% 39
\BOOKMARK [1][-]{section.6.3}{Problem\040Specification}{chapter.6}% 40
\BOOKMARK [1][-]{section.6.4}{Task\040Setup\040and\040Agent\040Architecture}{chapter.6}% 41
\BOOKMARK [1][-]{section.6.5}{Experiments}{chapter.6}% 42
\BOOKMARK [1][-]{section.6.6}{Discussion\040and\040Future\040Work}{chapter.6}% 43
\BOOKMARK [1][-]{section.6.7}{Agent\040architecture}{chapter.6}% 44
\BOOKMARK [1][-]{section.6.8}{Formalism\040for\040Memory-based\040Meta-learning\040}{chapter.6}% 45
\BOOKMARK [1][-]{section.6.9}{Formalisms\040for\040causal\040inference}{chapter.6}% 46
\BOOKMARK [1][-]{section.6.10}{RL\040Baselines}{chapter.6}% 47
\BOOKMARK [1][-]{section.6.11}{Additional\040Experiments}{chapter.6}% 48
\BOOKMARK [0][-]{chapter*.74}{References}{}% 49
